#
# A fatal error has been detected by the Java Runtime Environment:
#
#  Internal Error (javaCalls.cpp:53), pid=5934, tid=140659459507968
#  guarantee(!thread->is_Compiler_thread()) failed: cannot make java calls from the compiler
#
# JRE version: Java(TM) SE Runtime Environment (8.0-b132) (build 1.8.0-b132)
# Java VM: Java HotSpot(TM) 64-Bit Server VM (25.0-b70 mixed mode linux-amd64 compressed oops)
# Failed to write core dump. Core dumps have been disabled. To enable core dumping, try "ulimit -c unlimited" before starting Java again
#
# If you would like to submit a bug report, please visit:
#   http://bugreport.sun.com/bugreport/crash.jsp
#

---------------  T H R E A D  ---------------

Current thread (0x00007fedec17b000):  JavaThread "C1 CompilerThread2" daemon [_thread_in_vm, id=5960, stack(0x00007fedd50e4000,0x00007fedd51e5000)]

Stack: [0x00007fedd50e4000,0x00007fedd51e5000],  sp=0x00007fedd51e1b30,  free space=1014k
Native frames: (J=compiled Java code, j=interpreted, Vv=VM code, C=native code)
V  [libjvm.so+0xa2f3ea]  VMError::report_and_die()+0x2ca
V  [libjvm.so+0x4b2322]  report_vm_error(char const*, int, char const*, char const*)+0x62
V  [libjvm.so+0x625e1f]  JavaCallWrapper::JavaCallWrapper(methodHandle, Handle, JavaValue*, Thread*)+0x21f
V  [libjvm.so+0x626b34]  JavaCalls::call_helper(JavaValue*, methodHandle*, JavaCallArguments*, Thread*)+0x884
V  [libjvm.so+0x66ee16]  jni_invoke_static(JNIEnv_*, JavaValue*, _jobject*, JNICallType, _jmethodID*, JNI_ArgumentPusher*, Thread*)+0x346
V  [libjvm.so+0x680afa]  jni_CallStaticVoidMethod+0x17a


Current CompileTask:
C1: 304254 3506   !   3       sun.awt.X11.XToolkit::callTimeoutTasks (220 bytes)


---------------  P R O C E S S  ---------------

Java Threads: ( => current thread )
  0x00007fed78801000 JavaThread "Prism Font Disposer" daemon [_thread_blocked, id=5973, stack(0x00007fedcd7ff000,0x00007fedcd900000)]
  0x00007fed78558800 JavaThread "AWT-XAWT" daemon [_thread_in_native, id=5968, stack(0x00007fedcdb15000,0x00007fedcdc16000)]
  0x00007fed78548000 JavaThread "Java2D Disposer" daemon [_thread_blocked, id=5967, stack(0x00007fedcdc16000,0x00007fedcdd17000)]
  0x00007fedec2c7000 JavaThread "JavaFX-Launcher" [_thread_blocked, id=5966, stack(0x00007fedced11000,0x00007fedcee12000)]
  0x00007fedec2c3000 JavaThread "JavaFX Application Thread" [_thread_blocked, id=5965, stack(0x00007fedcee12000,0x00007fedcef13000)]
  0x00007fedec2bf800 JavaThread "Thread-6" daemon [_thread_blocked, id=5964, stack(0x00007fedcef13000,0x00007fedcf014000)]
  0x00007fedec265800 JavaThread "QuantumRenderer-0" daemon [_thread_blocked, id=5963, stack(0x00007fedd4d3b000,0x00007fedd4e3c000)]
  0x00007fedec198800 JavaThread "Service Thread" daemon [_thread_blocked, id=5961, stack(0x00007fedd4fe3000,0x00007fedd50e4000)]
=>0x00007fedec17b000 JavaThread "C1 CompilerThread2" daemon [_thread_in_vm, id=5960, stack(0x00007fedd50e4000,0x00007fedd51e5000)]
  0x00007fedec179000 JavaThread "C2 CompilerThread1" daemon [_thread_blocked, id=5959, stack(0x00007fedd51e5000,0x00007fedd52e6000)]
  0x00007fedec178000 JavaThread "C2 CompilerThread0" daemon [_thread_blocked, id=5958, stack(0x00007fedd54bc000,0x00007fedd55bd000)]
  0x00007fedec0fb000 JavaThread "*** Profiler Agent Special Execution Thread 6" daemon [_thread_blocked, id=5950, stack(0x00007fedd59d7000,0x00007fedd5ad8000)]
  0x00007fedec0f9800 JavaThread "*** JFluid Monitor thread ***" daemon [_thread_blocked, id=5949, stack(0x00007fedd5ad8000,0x00007fedd5bd9000)]
  0x00007fedec0f5000 JavaThread "*** Profiler Agent Communication Thread" daemon [_thread_blocked, id=5947, stack(0x00007fedd5e4d000,0x00007fedd5f4e000)]
  0x00007fedec0ad800 JavaThread "Signal Dispatcher" daemon [_thread_blocked, id=5946, stack(0x00007fedd5f4e000,0x00007fedd604f000)]
  0x00007fedec07d000 JavaThread "Finalizer" daemon [_thread_blocked, id=5945, stack(0x00007fedd604f000,0x00007fedd6150000)]
  0x00007fedec079000 JavaThread "Reference Handler" daemon [_thread_blocked, id=5944, stack(0x00007fedd6150000,0x00007fedd6251000)]
  0x00007fedec009800 JavaThread "main" [_thread_blocked, id=5936, stack(0x00007fedf0763000,0x00007fedf0864000)]

Other Threads:
  0x00007fedec073000 VMThread [stack: 0x00007fedd6251000,0x00007fedd6352000] [id=5943]
  0x00007fedec19b800 WatcherThread [stack: 0x00007fedd4ee2000,0x00007fedd4fe3000] [id=5962]

VM state:synchronizing (normal execution)

VM Mutex/Monitor currently owned by a thread:  ([mutex/lock_event])
[0x00007fedec007220] Threads_lock - owner thread: 0x00007fedec073000
[0x00007fedec007720] Heap_lock - owner thread: 0x00007fedec2c3000

Heap:
 PSYoungGen      total 403456K, used 179200K [0x00000000d6f00000, 0x00000000fde00000, 0x0000000100000000)
  eden space 179200K, 100% used [0x00000000d6f00000,0x00000000e1e00000,0x00000000e1e00000)
  from space 224256K, 0% used [0x00000000e1e00000,0x00000000e1e00000,0x00000000ef900000)
  to   space 224256K, 0% used [0x00000000f0300000,0x00000000f0300000,0x00000000fde00000)
 ParOldGen       total 1346560K, used 1346462K [0x0000000084c00000, 0x00000000d6f00000, 0x00000000d6f00000)
  object space 1346560K, 99% used [0x0000000084c00000,0x00000000d6ee78b8,0x00000000d6f00000)
 Metaspace       used 23907K, capacity 24126K, committed 24448K, reserved 1071104K
  class space    used 3300K, capacity 3333K, committed 3456K, reserved 1048576K

Card table byte_map: [0x00007feddc659000,0x00007feddca34000] byte_map_base: 0x00007feddc233000

Marking Bits: (ParMarkBitMap*) 0x00007fedf175cc20
 Begin Bits: [0x00007fedd8223000, 0x00007fedda0f3000)
 End Bits:   [0x00007fedda0f3000, 0x00007feddbfc3000)

Polling page: 0x00007fedf19be000

CodeCache: size=245760Kb used=10881Kb max_used=10928Kb free=234878Kb
 bounds [0x00007feddcdf4000, 0x00007feddd8b4000, 0x00007fedebdf4000]
 total_blobs=4118 nmethods=3346 adapters=686
 compilation: enabled

Compilation events (10 events):
Event: 203,103 Thread 0x00007fedec17b000 nmethod 3501 0x00007feddd187dd0 code [0x00007feddd187f20, 0x00007feddd188030]
Event: 203,104 Thread 0x00007fedec17b000 3502       1       org.netbeans.lib.profiler.wireprotocol.Response::yes (5 bytes)
Event: 203,104 Thread 0x00007fedec17b000 nmethod 3502 0x00007feddd187b10 code [0x00007feddd187c60, 0x00007feddd187d70]
Event: 204,634 Thread 0x00007fedec17b000 3503       1       org.netbeans.lib.profiler.wireprotocol.Response::getErrorMessage (5 bytes)
Event: 207,953 Thread 0x00007fedec17b000 nmethod 3503 0x00007feddd187850 code [0x00007feddd1879a0, 0x00007feddd187ab0]
Event: 207,953 Thread 0x00007fedec17b000 3504       1       org.netbeans.lib.profiler.server.Monitors$ActiveServerState::getServerState (5 bytes)
Event: 209,510 Thread 0x00007fedec17b000 nmethod 3504 0x00007feddd175f10 code [0x00007feddd176060, 0x00007feddd176170]
Event: 209,510 Thread 0x00007fedec17b000 3505   !   3       org.netbeans.lib.profiler.server.Monitors$ThreadDataTable::getThreadsData (518 bytes)
Event: 224,139 Thread 0x00007fedec17b000 nmethod 3505 0x00007feddd89d7d0 code [0x00007feddd89db40, 0x00007feddd8a04a8]
Event: 301,375 Thread 0x00007fedec17b000 3506   !   3       sun.awt.X11.XToolkit::callTimeoutTasks (220 bytes)

GC Heap History (10 events):
Event: 297,029 GC heap before
{Heap before GC invocations=1078 (full 165):
 PSYoungGen      total 403456K, used 179200K [0x00000000d6f00000, 0x00000000fde00000, 0x0000000100000000)
  eden space 179200K, 100% used [0x00000000d6f00000,0x00000000e1e00000,0x00000000e1e00000)
  from space 224256K, 0% used [0x00000000e1e00000,0x00000000e1e00000,0x00000000ef900000)
  to   space 224256K, 0% used [0x00000000f0300000,0x00000000f0300000,0x00000000fde00000)
 ParOldGen       total 1346560K, used 1346464K [0x0000000084c00000, 0x00000000d6f00000, 0x00000000d6f00000)
  object space 1346560K, 99% used [0x0000000084c00000,0x00000000d6ee8000,0x00000000d6f00000)
 Metaspace       used 23905K, capacity 24126K, committed 24448K, reserved 1071104K
  class space    used 3300K, capacity 3333K, committed 3456K, reserved 1048576K
Event: 298,588 GC heap after
Heap after GC invocations=1078 (full 165):
 PSYoungGen      total 403456K, used 179199K [0x00000000d6f00000, 0x00000000fde00000, 0x0000000100000000)
  eden space 179200K, 99% used [0x00000000d6f00000,0x00000000e1dfff80,0x00000000e1e00000)
  from space 224256K, 0% used [0x00000000e1e00000,0x00000000e1e00000,0x00000000ef900000)
  to   space 224256K, 0% used [0x00000000f0300000,0x00000000f0300000,0x00000000fde00000)
 ParOldGen       total 1346560K, used 1346462K [0x0000000084c00000, 0x00000000d6f00000, 0x00000000d6f00000)
  object space 1346560K, 99% used [0x0000000084c00000,0x00000000d6ee7a28,0x00000000d6f00000)
 Metaspace       used 23905K, capacity 24126K, committed 24448K, reserved 1071104K
  class space    used 3300K, capacity 3333K, committed 3456K, reserved 1048576K
}
Event: 298,589 GC heap before
{Heap before GC invocations=1079 (full 166):
 PSYoungGen      total 403456K, used 179200K [0x00000000d6f00000, 0x00000000fde00000, 0x0000000100000000)
  eden space 179200K, 100% used [0x00000000d6f00000,0x00000000e1e00000,0x00000000e1e00000)
  from space 224256K, 0% used [0x00000000e1e00000,0x00000000e1e00000,0x00000000ef900000)
  to   space 224256K, 0% used [0x00000000f0300000,0x00000000f0300000,0x00000000fde00000)
 ParOldGen       total 1346560K, used 1346462K [0x0000000084c00000, 0x00000000d6f00000, 0x00000000d6f00000)
  object space 1346560K, 99% used [0x0000000084c00000,0x00000000d6ee7a28,0x00000000d6f00000)
 Metaspace       used 23905K, capacity 24126K, committed 24448K, reserved 1071104K
  class space    used 3300K, capacity 3333K, committed 3456K, reserved 1048576K
Event: 299,933 GC heap after
Heap after GC invocations=1079 (full 166):
 PSYoungGen      total 403456K, used 179199K [0x00000000d6f00000, 0x00000000fde00000, 0x0000000100000000)
  eden space 179200K, 99% used [0x00000000d6f00000,0x00000000e1dfffa0,0x00000000e1e00000)
  from space 224256K, 0% used [0x00000000e1e00000,0x00000000e1e00000,0x00000000ef900000)
  to   space 224256K, 0% used [0x00000000f0300000,0x00000000f0300000,0x00000000fde00000)
 ParOldGen       total 1346560K, used 1346462K [0x0000000084c00000, 0x00000000d6f00000, 0x00000000d6f00000)
  object space 1346560K, 99% used [0x0000000084c00000,0x00000000d6ee78b8,0x00000000d6f00000)
 Metaspace       used 23905K, capacity 24126K, committed 24448K, reserved 1071104K
  class space    used 3300K, capacity 3333K, committed 3456K, reserved 1048576K
}
Event: 299,934 GC heap before
{Heap before GC invocations=1080 (full 167):
 PSYoungGen      total 403456K, used 179200K [0x00000000d6f00000, 0x00000000fde00000, 0x0000000100000000)
  eden space 179200K, 100% used [0x00000000d6f00000,0x00000000e1e00000,0x00000000e1e00000)
  from space 224256K, 0% used [0x00000000e1e00000,0x00000000e1e00000,0x00000000ef900000)
  to   space 224256K, 0% used [0x00000000f0300000,0x00000000f0300000,0x00000000fde00000)
 ParOldGen       total 1346560K, used 1346462K [0x0000000084c00000, 0x00000000d6f00000, 0x00000000d6f00000)
  object space 1346560K, 99% used [0x0000000084c00000,0x00000000d6ee78b8,0x00000000d6f00000)
 Metaspace       used 23905K, capacity 24126K, committed 24448K, reserved 1071104K
  class space    used 3300K, capacity 3333K, committed 3456K, reserved 1048576K
Event: 301,375 GC heap after
Heap after GC invocations=1080 (full 167):
 PSYoungGen      total 403456K, used 179199K [0x00000000d6f00000, 0x00000000fde00000, 0x0000000100000000)
  eden space 179200K, 99% used [0x00000000d6f00000,0x00000000e1dfffb8,0x00000000e1e00000)
  from space 224256K, 0% used [0x00000000e1e00000,0x00000000e1e00000,0x00000000ef900000)
  to   space 224256K, 0% used [0x00000000f0300000,0x00000000f0300000,0x00000000fde00000)
 ParOldGen       total 1346560K, used 1346462K [0x0000000084c00000, 0x00000000d6f00000, 0x00000000d6f00000)
  object space 1346560K, 99% used [0x0000000084c00000,0x00000000d6ee78b8,0x00000000d6f00000)
 Metaspace       used 23905K, capacity 24126K, committed 24448K, reserved 1071104K
  class space    used 3300K, capacity 3333K, committed 3456K, reserved 1048576K
}
Event: 301,376 GC heap before
{Heap before GC invocations=1081 (full 168):
 PSYoungGen      total 403456K, used 179199K [0x00000000d6f00000, 0x00000000fde00000, 0x0000000100000000)
  eden space 179200K, 99% used [0x00000000d6f00000,0x00000000e1dffff8,0x00000000e1e00000)
  from space 224256K, 0% used [0x00000000e1e00000,0x00000000e1e00000,0x00000000ef900000)
  to   space 224256K, 0% used [0x00000000f0300000,0x00000000f0300000,0x00000000fde00000)
 ParOldGen       total 1346560K, used 1346462K [0x0000000084c00000, 0x00000000d6f00000, 0x00000000d6f00000)
  object space 1346560K, 99% used [0x0000000084c00000,0x00000000d6ee78b8,0x00000000d6f00000)
 Metaspace       used 23907K, capacity 24126K, committed 24448K, reserved 1071104K
  class space    used 3300K, capacity 3333K, committed 3456K, reserved 1048576K
Event: 302,833 GC heap after
Heap after GC invocations=1081 (full 168):
 PSYoungGen      total 403456K, used 179199K [0x00000000d6f00000, 0x00000000fde00000, 0x0000000100000000)
  eden space 179200K, 99% used [0x00000000d6f00000,0x00000000e1dfff98,0x00000000e1e00000)
  from space 224256K, 0% used [0x00000000e1e00000,0x00000000e1e00000,0x00000000ef900000)
  to   space 224256K, 0% used [0x00000000f0300000,0x00000000f0300000,0x00000000fde00000)
 ParOldGen       total 1346560K, used 1346462K [0x0000000084c00000, 0x00000000d6f00000, 0x00000000d6f00000)
  object space 1346560K, 99% used [0x0000000084c00000,0x00000000d6ee78b8,0x00000000d6f00000)
 Metaspace       used 23907K, capacity 24126K, committed 24448K, reserved 1071104K
  class space    used 3300K, capacity 3333K, committed 3456K, reserved 1048576K
}
Event: 302,833 GC heap before
{Heap before GC invocations=1082 (full 169):
 PSYoungGen      total 403456K, used 179200K [0x00000000d6f00000, 0x00000000fde00000, 0x0000000100000000)
  eden space 179200K, 100% used [0x00000000d6f00000,0x00000000e1e00000,0x00000000e1e00000)
  from space 224256K, 0% used [0x00000000e1e00000,0x00000000e1e00000,0x00000000ef900000)
  to   space 224256K, 0% used [0x00000000f0300000,0x00000000f0300000,0x00000000fde00000)
 ParOldGen       total 1346560K, used 1346462K [0x0000000084c00000, 0x00000000d6f00000, 0x00000000d6f00000)
  object space 1346560K, 99% used [0x0000000084c00000,0x00000000d6ee78b8,0x00000000d6f00000)
 Metaspace       used 23907K, capacity 24126K, committed 24448K, reserved 1071104K
  class space    used 3300K, capacity 3333K, committed 3456K, reserved 1048576K
Event: 304,251 GC heap after
Heap after GC invocations=1082 (full 169):
 PSYoungGen      total 403456K, used 179199K [0x00000000d6f00000, 0x00000000fde00000, 0x0000000100000000)
  eden space 179200K, 99% used [0x00000000d6f00000,0x00000000e1dfffc8,0x00000000e1e00000)
  from space 224256K, 0% used [0x00000000e1e00000,0x00000000e1e00000,0x00000000ef900000)
  to   space 224256K, 0% used [0x00000000f0300000,0x00000000f0300000,0x00000000fde00000)
 ParOldGen       total 1346560K, used 1346462K [0x0000000084c00000, 0x00000000d6f00000, 0x00000000d6f00000)
  object space 1346560K, 99% used [0x0000000084c00000,0x00000000d6ee78b8,0x00000000d6f00000)
 Metaspace       used 23907K, capacity 24126K, committed 24448K, reserved 1071104K
  class space    used 3300K, capacity 3333K, committed 3456K, reserved 1048576K
}

Deoptimization events (10 events):
Event: 66,181 Thread 0x00007fedec2c3000 Uncommon trap: reason=null_assert action=make_not_entrant pc=0x00007feddd5affec method=sun.util.calendar.ZoneInfo.getOffsets(J[II)I @ 164
Event: 66,181 Thread 0x00007fedec2c3000 Uncommon trap: reason=null_assert action=make_not_entrant pc=0x00007feddd07f49c method=sun.util.calendar.ZoneInfo.getOffsets(J[II)I @ 164
Event: 82,188 Thread 0x00007fedec2c3000 Uncommon trap: reason=unreached action=reinterpret pc=0x00007feddd354e54 method=javafx.scene.CssStyleHelper.lookup(Ljavafx/css/Styleable;Ljavafx/css/CssMetaData;Lcom/sun/javafx/css/StyleMap;Ljava/util/Set;Ljavafx/css/Styleable;Lcom/sun/javafx/css/Calculat
Event: 82,359 Thread 0x00007fedec2c3000 Uncommon trap: reason=bimorphic action=maybe_recompile pc=0x00007feddd593cf0 method=javafx.scene.Node.getGeomBounds(Lcom/sun/javafx/geom/BaseBounds;Lcom/sun/javafx/geom/transform/BaseTransform;)Lcom/sun/javafx/geom/BaseBounds; @ 1
Event: 82,360 Thread 0x00007fedec2c3000 Uncommon trap: reason=null_check action=make_not_entrant pc=0x00007feddd4c01e4 method=javafx.scene.Node$MiscProperties.getClip()Ljavafx/scene/Node; @ 20
Event: 90,268 Thread 0x00007fedec2c3000 Uncommon trap: reason=class_check action=maybe_recompile pc=0x00007feddd009e58 method=javafx.scene.Node$MiscProperties.isDisable()Z @ 15
Event: 90,268 Thread 0x00007fedec2c3000 Uncommon trap: reason=class_check action=maybe_recompile pc=0x00007feddd009e58 method=javafx.scene.Node$MiscProperties.isDisable()Z @ 15
Event: 90,275 Thread 0x00007fedec2c3000 Uncommon trap: reason=class_check action=maybe_recompile pc=0x00007feddd009e58 method=javafx.scene.Node$MiscProperties.isDisable()Z @ 15
Event: 90,307 Thread 0x00007fedec2c3000 Uncommon trap: reason=class_check action=maybe_recompile pc=0x00007feddd009e58 method=javafx.scene.Node$MiscProperties.isDisable()Z @ 15
Event: 97,824 Thread 0x00007fedec2c3000 Uncommon trap: reason=unreached action=reinterpret pc=0x00007feddd710f2c method=com.sun.org.apache.xerces.internal.dom.ElementImpl.hasAttribute(Ljava/lang/String;)Z @ 5

Internal exceptions (10 events):
Event: 46,718 Thread 0x00007fedec2c3000 Exception <a 'java/security/PrivilegedActionException'> (0x00000000d76e1670) thrown at [/HUDSON/workspace/8-2-build-linux-amd64/jdk8/2238/hotspot/src/share/vm/prims/jvm.cpp, line 1248]
Event: 46,719 Thread 0x00007fedec2c3000 Exception <a 'java/security/PrivilegedActionException'> (0x00000000d7701128) thrown at [/HUDSON/workspace/8-2-build-linux-amd64/jdk8/2238/hotspot/src/share/vm/prims/jvm.cpp, line 1248]
Event: 47,045 Thread 0x00007fedec2c3000 Exception <a 'java/security/PrivilegedActionException'> (0x00000000d71aa870) thrown at [/HUDSON/workspace/8-2-build-linux-amd64/jdk8/2238/hotspot/src/share/vm/prims/jvm.cpp, line 1248]
Event: 47,046 Thread 0x00007fedec2c3000 Exception <a 'java/security/PrivilegedActionException'> (0x00000000d71bdc38) thrown at [/HUDSON/workspace/8-2-build-linux-amd64/jdk8/2238/hotspot/src/share/vm/prims/jvm.cpp, line 1248]
Event: 47,047 Thread 0x00007fedec2c3000 Exception <a 'java/security/PrivilegedActionException'> (0x00000000d71d86b0) thrown at [/HUDSON/workspace/8-2-build-linux-amd64/jdk8/2238/hotspot/src/share/vm/prims/jvm.cpp, line 1248]
Event: 53,745 Thread 0x00007fedec2c3000 Implicit null exception at 0x00007feddd36a290 to 0x00007feddd36a829
Event: 61,948 Thread 0x00007fedec2c3000 Exception <a 'java/security/PrivilegedActionException'> (0x00000000d78cc200) thrown at [/HUDSON/workspace/8-2-build-linux-amd64/jdk8/2238/hotspot/src/share/vm/prims/jvm.cpp, line 1248]
Event: 61,961 Thread 0x00007fedec2c3000 Implicit null exception at 0x00007feddd171019 to 0x00007feddd1710d1
Event: 62,198 Thread 0x00007fedec2c3000 Implicit null exception at 0x00007feddd678638 to 0x00007feddd6794ed
Event: 82,360 Thread 0x00007fedec2c3000 Implicit null exception at 0x00007feddd4c0193 to 0x00007feddd4c01d9

Events (10 events):
Event: 297,028 Executing VM operation: ParallelGCFailedAllocation
Event: 298,589 Executing VM operation: ParallelGCFailedAllocation done
Event: 298,589 Executing VM operation: ParallelGCFailedAllocation
Event: 299,933 Executing VM operation: ParallelGCFailedAllocation done
Event: 299,933 Executing VM operation: ParallelGCFailedAllocation
Event: 301,375 Executing VM operation: ParallelGCFailedAllocation done
Event: 301,376 Executing VM operation: ParallelGCFailedAllocation
Event: 302,833 Executing VM operation: ParallelGCFailedAllocation done
Event: 302,833 Executing VM operation: ParallelGCFailedAllocation
Event: 304,251 Executing VM operation: ParallelGCFailedAllocation done


Dynamic libraries:
00400000-00401000 r-xp 00000000 08:04 2363279                            /usr/java/jdk1.8.0/jre/bin/java
00600000-00601000 rw-p 00000000 08:04 2363279                            /usr/java/jdk1.8.0/jre/bin/java
01dcf000-01df0000 rw-p 00000000 00:00 0                                  [heap]
84c00000-d6f00000 rw-p 00000000 00:00 0 
d6f00000-fde00000 rw-p 00000000 00:00 0 
fde00000-100000000 ---p 00000000 00:00 0 
100000000-100360000 rw-p 00000000 00:00 0 
100360000-140000000 ---p 00000000 00:00 0 
33c7c00000-33c7c4f000 r-xp 00000000 08:04 399514                         /usr/lib64/libgobject-2.0.so.0.3800.2
33c7c4f000-33c7e4f000 ---p 0004f000 08:04 399514                         /usr/lib64/libgobject-2.0.so.0.3800.2
33c7e4f000-33c7e50000 r--p 0004f000 08:04 399514                         /usr/lib64/libgobject-2.0.so.0.3800.2
33c7e50000-33c7e51000 rw-p 00050000 08:04 399514                         /usr/lib64/libgobject-2.0.so.0.3800.2
33c8000000-33c8007000 r-xp 00000000 08:04 399513                         /usr/lib64/libffi.so.6.0.1
33c8007000-33c8206000 ---p 00007000 08:04 399513                         /usr/lib64/libffi.so.6.0.1
33c8206000-33c8207000 r--p 00006000 08:04 399513                         /usr/lib64/libffi.so.6.0.1
33c8207000-33c8208000 rw-p 00007000 08:04 399513                         /usr/lib64/libffi.so.6.0.1
33c8400000-33c8401000 r-xp 00000000 08:04 394735                         /usr/lib64/libX11-xcb.so.1.0.0
33c8401000-33c8600000 ---p 00001000 08:04 394735                         /usr/lib64/libX11-xcb.so.1.0.0
33c8600000-33c8601000 r--p 00000000 08:04 394735                         /usr/lib64/libX11-xcb.so.1.0.0
33c8601000-33c8602000 rw-p 00001000 08:04 394735                         /usr/lib64/libX11-xcb.so.1.0.0
33c8800000-33c8820000 r-xp 00000000 08:04 399521                         /usr/lib64/libatk-1.0.so.0.21009.1
33c8820000-33c8a20000 ---p 00020000 08:04 399521                         /usr/lib64/libatk-1.0.so.0.21009.1
33c8a20000-33c8a22000 r--p 00020000 08:04 399521                         /usr/lib64/libatk-1.0.so.0.21009.1
33c8a22000-33c8a23000 rw-p 00022000 08:04 399521                         /usr/lib64/libatk-1.0.so.0.21009.1
33c9000000-33c900b000 r-xp 00000000 08:04 399523                         /usr/lib64/libwayland-client.so.0.1.0
33c900b000-33c920a000 ---p 0000b000 08:04 399523                         /usr/lib64/libwayland-client.so.0.1.0
33c920a000-33c920c000 r--p 0000a000 08:04 399523                         /usr/lib64/libwayland-client.so.0.1.0
33c920c000-33c920d000 rw-p 0000c000 08:04 399523                         /usr/lib64/libwayland-client.so.0.1.0
33c9400000-33c940e000 r-xp 00000000 08:04 399524                         /usr/lib64/libwayland-server.so.0.1.0
33c940e000-33c960d000 ---p 0000e000 08:04 399524                         /usr/lib64/libwayland-server.so.0.1.0
33c960d000-33c960f000 r--p 0000d000 08:04 399524                         /usr/lib64/libwayland-server.so.0.1.0
33c960f000-33c9610000 rw-p 0000f000 08:04 399524                         /usr/lib64/libwayland-server.so.0.1.0
3839200000-3839265000 r-xp 00000000 08:04 403167                         /usr/lib64/libpcre.so.1.2.1
3839265000-3839464000 ---p 00065000 08:04 403167                         /usr/lib64/libpcre.so.1.2.1
3839464000-3839465000 r--p 00064000 08:04 403167                         /usr/lib64/libpcre.so.1.2.1
3839465000-3839466000 rw-p 00065000 08:04 403167                         /usr/lib64/libpcre.so.1.2.1
3842800000-3842824000 r-xp 00000000 08:04 393231                         /usr/lib64/liblzma.so.5.0.99
3842824000-3842a23000 ---p 00024000 08:04 393231                         /usr/lib64/liblzma.so.5.0.99
3842a23000-3842a24000 r--p 00023000 08:04 393231                         /usr/lib64/liblzma.so.5.0.99
3842a24000-3842a25000 rw-p 00024000 08:04 393231                         /usr/lib64/liblzma.so.5.0.99
3842c00000-3842c21000 r-xp 00000000 08:04 393720                         /usr/lib64/libselinux.so.1
3842c21000-3842e20000 ---p 00021000 08:04 393720                         /usr/lib64/libselinux.so.1
3842e20000-3842e21000 r--p 00020000 08:04 393720                         /usr/lib64/libselinux.so.1
3842e21000-3842e22000 rw-p 00021000 08:04 393720                         /usr/lib64/libselinux.so.1
3842e22000-3842e24000 rw-p 00000000 00:00 0 
3843400000-38434bb000 r-xp 00000000 08:04 401507                         /usr/lib64/libgdk-x11-2.0.so.0.2400.22
38434bb000-38436bb000 ---p 000bb000 08:04 401507                         /usr/lib64/libgdk-x11-2.0.so.0.2400.22
38436bb000-38436bf000 r--p 000bb000 08:04 401507                         /usr/lib64/libgdk-x11-2.0.so.0.2400.22
38436bf000-38436c1000 rw-p 000bf000 08:04 401507                         /usr/lib64/libgdk-x11-2.0.so.0.2400.22
3843800000-3843c78000 r-xp 00000000 08:04 401508                         /usr/lib64/libgtk-x11-2.0.so.0.2400.22
3843c78000-3843e78000 ---p 00478000 08:04 401508                         /usr/lib64/libgtk-x11-2.0.so.0.2400.22
3843e78000-3843e7f000 r--p 00478000 08:04 401508                         /usr/lib64/libgtk-x11-2.0.so.0.2400.22
3843e7f000-3843e83000 rw-p 0047f000 08:04 401508                         /usr/lib64/libgtk-x11-2.0.so.0.2400.22
3843e83000-3843e86000 rw-p 00000000 00:00 0 
3844400000-3844423000 r-xp 00000000 08:04 401504                         /usr/lib64/libgdk_pixbuf-2.0.so.0.3000.3
3844423000-3844622000 ---p 00023000 08:04 401504                         /usr/lib64/libgdk_pixbuf-2.0.so.0.3000.3
3844622000-3844623000 r--p 00022000 08:04 401504                         /usr/lib64/libgdk_pixbuf-2.0.so.0.3000.3
3844623000-3844624000 rw-p 00023000 08:04 401504                         /usr/lib64/libgdk_pixbuf-2.0.so.0.3000.3
3844c00000-3844c10000 r-xp 00000000 08:04 399020                         /usr/lib64/libudev.so.1.4.0
3844c10000-3844e10000 ---p 00010000 08:04 399020                         /usr/lib64/libudev.so.1.4.0
3844e10000-3844e11000 r--p 00010000 08:04 399020                         /usr/lib64/libudev.so.1.4.0
3844e11000-3844e12000 rw-p 00011000 08:04 399020                         /usr/lib64/libudev.so.1.4.0
3845000000-384511f000 r-xp 00000000 08:04 399982                         /usr/lib64/libcairo.so.2.11301.0
384511f000-384531f000 ---p 0011f000 08:04 399982                         /usr/lib64/libcairo.so.2.11301.0
384531f000-3845322000 r--p 0011f000 08:04 399982                         /usr/lib64/libcairo.so.2.11301.0
3845322000-3845324000 rw-p 00122000 08:04 399982                         /usr/lib64/libcairo.so.2.11301.0
3845324000-3845325000 rw-p 00000000 00:00 0 
3845400000-384540c000 r-xp 00000000 08:04 393824                         /usr/lib64/libpangocairo-1.0.so.0.3600.1
384540c000-384560b000 ---p 0000c000 08:04 393824                         /usr/lib64/libpangocairo-1.0.so.0.3600.1
384560b000-384560c000 r--p 0000b000 08:04 393824                         /usr/lib64/libpangocairo-1.0.so.0.3600.1
384560c000-384560d000 rw-p 0000c000 08:04 393824                         /usr/lib64/libpangocairo-1.0.so.0.3600.1
3849000000-384915e000 r-xp 00000000 08:04 400305                         /usr/lib64/libgio-2.0.so.0.3800.2
384915e000-384935d000 ---p 0015e000 08:04 400305                         /usr/lib64/libgio-2.0.so.0.3800.2
384935d000-3849361000 r--p 0015d000 08:04 400305                         /usr/lib64/libgio-2.0.so.0.3800.2
3849361000-3849363000 rw-p 00161000 08:04 400305                         /usr/lib64/libgio-2.0.so.0.3800.2
3849363000-3849365000 rw-p 00000000 00:00 0 
395ec00000-395ec0b000 r-xp 00000000 08:04 394522                         /usr/lib64/libdrm.so.2.4.0
395ec0b000-395ee0a000 ---p 0000b000 08:04 394522                         /usr/lib64/libdrm.so.2.4.0
395ee0a000-395ee0b000 r--p 0000a000 08:04 394522                         /usr/lib64/libdrm.so.2.4.0
395ee0b000-395ee0c000 rw-p 0000b000 08:04 394522                         /usr/lib64/libdrm.so.2.4.0
39c9600000-39c9648000 r-xp 00000000 08:04 398414                         /usr/lib64/libpango-1.0.so.0.3600.1
39c9648000-39c9848000 ---p 00048000 08:04 398414                         /usr/lib64/libpango-1.0.so.0.3600.1
39c9848000-39c984a000 r--p 00048000 08:04 398414                         /usr/lib64/libpango-1.0.so.0.3600.1
39c984a000-39c984b000 rw-p 0004a000 08:04 398414                         /usr/lib64/libpango-1.0.so.0.3600.1
3be3000000-3be3008000 r-xp 00000000 08:04 394962                         /usr/lib64/libpciaccess.so.0.11.1
3be3008000-3be3208000 ---p 00008000 08:04 394962                         /usr/lib64/libpciaccess.so.0.11.1
3be3208000-3be3209000 r--p 00008000 08:04 394962                         /usr/lib64/libpciaccess.so.0.11.1
3be3209000-3be320a000 rw-p 00009000 08:04 394962                         /usr/lib64/libpciaccess.so.0.11.1
3d3a000000-3d3a020000 r-xp 00000000 08:04 403891                         /usr/lib64/ld-2.18.so
3d3a21f000-3d3a220000 r--p 0001f000 08:04 403891                         /usr/lib64/ld-2.18.so
3d3a220000-3d3a221000 rw-p 00020000 08:04 403891                         /usr/lib64/ld-2.18.so
3d3a221000-3d3a222000 rw-p 00000000 00:00 0 
3d3a400000-3d3a5b4000 r-xp 00000000 08:04 403892                         /usr/lib64/libc-2.18.so
3d3a5b4000-3d3a7b4000 ---p 001b4000 08:04 403892                         /usr/lib64/libc-2.18.so
3d3a7b4000-3d3a7b8000 r--p 001b4000 08:04 403892                         /usr/lib64/libc-2.18.so
3d3a7b8000-3d3a7ba000 rw-p 001b8000 08:04 403892                         /usr/lib64/libc-2.18.so
3d3a7ba000-3d3a7bf000 rw-p 00000000 00:00 0 
3d3a800000-3d3a803000 r-xp 00000000 08:04 403898                         /usr/lib64/libdl-2.18.so
3d3a803000-3d3aa02000 ---p 00003000 08:04 403898                         /usr/lib64/libdl-2.18.so
3d3aa02000-3d3aa03000 r--p 00002000 08:04 403898                         /usr/lib64/libdl-2.18.so
3d3aa03000-3d3aa04000 rw-p 00003000 08:04 403898                         /usr/lib64/libdl-2.18.so
3d3ac00000-3d3ac18000 r-xp 00000000 08:04 394918                         /usr/lib64/libpthread-2.18.so
3d3ac18000-3d3ae17000 ---p 00018000 08:04 394918                         /usr/lib64/libpthread-2.18.so
3d3ae17000-3d3ae18000 r--p 00017000 08:04 394918                         /usr/lib64/libpthread-2.18.so
3d3ae18000-3d3ae19000 rw-p 00018000 08:04 394918                         /usr/lib64/libpthread-2.18.so
3d3ae19000-3d3ae1d000 rw-p 00000000 00:00 0 
3d3b000000-3d3b105000 r-xp 00000000 08:04 403902                         /usr/lib64/libm-2.18.so
3d3b105000-3d3b305000 ---p 00105000 08:04 403902                         /usr/lib64/libm-2.18.so
3d3b305000-3d3b306000 r--p 00105000 08:04 403902                         /usr/lib64/libm-2.18.so
3d3b306000-3d3b307000 rw-p 00106000 08:04 403902                         /usr/lib64/libm-2.18.so
3d3b400000-3d3b415000 r-xp 00000000 08:04 403185                         /usr/lib64/libz.so.1.2.8
3d3b415000-3d3b614000 ---p 00015000 08:04 403185                         /usr/lib64/libz.so.1.2.8
3d3b614000-3d3b615000 r--p 00014000 08:04 403185                         /usr/lib64/libz.so.1.2.8
3d3b615000-3d3b616000 rw-p 00015000 08:04 403185                         /usr/lib64/libz.so.1.2.8
3d3bc00000-3d3bc07000 r-xp 00000000 08:04 403901                         /usr/lib64/librt-2.18.so
3d3bc07000-3d3be06000 ---p 00007000 08:04 403901                         /usr/lib64/librt-2.18.so
3d3be06000-3d3be07000 r--p 00006000 08:04 403901                         /usr/lib64/librt-2.18.so
3d3be07000-3d3be08000 rw-p 00007000 08:04 403901                         /usr/lib64/librt-2.18.so
3d3c800000-3d3c815000 r-xp 00000000 08:04 403903                         /usr/lib64/libgcc_s-4.8.2-20131212.so.1
3d3c815000-3d3ca14000 ---p 00015000 08:04 403903                         /usr/lib64/libgcc_s-4.8.2-20131212.so.1
3d3ca14000-3d3ca15000 r--p 00014000 08:04 403903                         /usr/lib64/libgcc_s-4.8.2-20131212.so.1
3d3ca15000-3d3ca16000 rw-p 00015000 08:04 403903                         /usr/lib64/libgcc_s-4.8.2-20131212.so.1
3d3cc00000-3d3cd29000 r-xp 00000000 08:04 403899                         /usr/lib64/libglib-2.0.so.0.3800.2
3d3cd29000-3d3cf29000 ---p 00129000 08:04 403899                         /usr/lib64/libglib-2.0.so.0.3800.2
3d3cf29000-3d3cf2a000 r--p 00129000 08:04 403899                         /usr/lib64/libglib-2.0.so.0.3800.2
3d3cf2a000-3d3cf2b000 rw-p 0012a000 08:04 403899                         /usr/lib64/libglib-2.0.so.0.3800.2
3d3cf2b000-3d3cf2c000 rw-p 00000000 00:00 0 
3d3d000000-3d3d016000 r-xp 00000000 08:04 403907                         /usr/lib64/libresolv-2.18.so
3d3d016000-3d3d216000 ---p 00016000 08:04 403907                         /usr/lib64/libresolv-2.18.so
3d3d216000-3d3d217000 r--p 00016000 08:04 403907                         /usr/lib64/libresolv-2.18.so
3d3d217000-3d3d218000 rw-p 00017000 08:04 403907                         /usr/lib64/libresolv-2.18.so
3d3d218000-3d3d21a000 rw-p 00000000 00:00 0 
3d3d800000-3d3d8e9000 r-xp 00000000 08:04 403904                         /usr/lib64/libstdc++.so.6.0.19
3d3d8e9000-3d3dae9000 ---p 000e9000 08:04 403904                         /usr/lib64/libstdc++.so.6.0.19
3d3dae9000-3d3daf1000 r--p 000e9000 08:04 403904                         /usr/lib64/libstdc++.so.6.0.19
3d3daf1000-3d3daf3000 rw-p 000f1000 08:04 403904                         /usr/lib64/libstdc++.so.6.0.19
3d3daf3000-3d3db08000 rw-p 00000000 00:00 0 
3d3e800000-3d3e801000 r-xp 00000000 08:04 403900                         /usr/lib64/libgthread-2.0.so.0.3800.2
3d3e801000-3d3ea00000 ---p 00001000 08:04 403900                         /usr/lib64/libgthread-2.0.so.0.3800.2
3d3ea00000-3d3ea01000 r--p 00000000 08:04 403900                         /usr/lib64/libgthread-2.0.so.0.3800.2
3d3ea01000-3d3ea02000 rw-p 00001000 08:04 403900                         /usr/lib64/libgthread-2.0.so.0.3800.2
3d40800000-3d40802000 r-xp 00000000 08:04 403928                         /usr/lib64/libXau.so.6.0.0
3d40802000-3d40a02000 ---p 00002000 08:04 403928                         /usr/lib64/libXau.so.6.0.0
3d40a02000-3d40a03000 r--p 00002000 08:04 403928                         /usr/lib64/libXau.so.6.0.0
3d40a03000-3d40a04000 rw-p 00003000 08:04 403928                         /usr/lib64/libXau.so.6.0.0
3d40c00000-3d40d38000 r-xp 00000000 08:04 403930                         /usr/lib64/libX11.so.6.3.0
3d40d38000-3d40f38000 ---p 00138000 08:04 403930                         /usr/lib64/libX11.so.6.3.0
3d40f38000-3d40f39000 r--p 00138000 08:04 403930                         /usr/lib64/libX11.so.6.3.0
3d40f39000-3d40f3e000 rw-p 00139000 08:04 403930                         /usr/lib64/libX11.so.6.3.0
3d41800000-3d41820000 r-xp 00000000 08:04 403929                         /usr/lib64/libxcb.so.1.1.0
3d41820000-3d41a1f000 ---p 00020000 08:04 403929                         /usr/lib64/libxcb.so.1.1.0
3d41a1f000-3d41a20000 r--p 0001f000 08:04 403929                         /usr/lib64/libxcb.so.1.1.0
3d41a20000-3d41a21000 rw-p 00020000 08:04 403929                         /usr/lib64/libxcb.so.1.1.0
3d41c00000-3d41c27000 r-xp 00000000 08:04 403934                         /usr/lib64/libexpat.so.1.6.0
3d41c27000-3d41e27000 ---p 00027000 08:04 403934                         /usr/lib64/libexpat.so.1.6.0
3d41e27000-3d41e29000 r--p 00027000 08:04 403934                         /usr/lib64/libexpat.so.1.6.0
3d41e29000-3d41e2a000 rw-p 00029000 08:04 403934                         /usr/lib64/libexpat.so.1.6.0
3d42000000-3d42011000 r-xp 00000000 08:04 403931                         /usr/lib64/libXext.so.6.4.0
3d42011000-3d42210000 ---p 00011000 08:04 403931                         /usr/lib64/libXext.so.6.4.0
3d42210000-3d42211000 r--p 00010000 08:04 403931                         /usr/lib64/libXext.so.6.4.0
3d42211000-3d42212000 rw-p 00011000 08:04 403931                         /usr/lib64/libXext.so.6.4.0
3d42c00000-3d42c1a000 r-xp 00000000 08:04 404143                         /usr/lib64/libgraphite2.so.3.0.1
3d42c1a000-3d42e19000 ---p 0001a000 08:04 404143                         /usr/lib64/libgraphite2.so.3.0.1
3d42e19000-3d42e1b000 r--p 00019000 08:04 404143                         /usr/lib64/libgraphite2.so.3.0.1
3d42e1b000-3d42e1c000 rw-p 0001b000 08:04 404143                         /usr/lib64/libgraphite2.so.3.0.1
3d43600000-3d436a3000 r-xp 00000000 08:04 394947                         /usr/lib64/libpixman-1.so.0.30.0
3d436a3000-3d438a2000 ---p 000a3000 08:04 394947                         /usr/lib64/libpixman-1.so.0.30.0
3d438a2000-3d438a9000 r--p 000a2000 08:04 394947                         /usr/lib64/libpixman-1.so.0.30.0
3d438a9000-3d438aa000 rw-p 000a9000 08:04 394947                         /usr/lib64/libpixman-1.so.0.30.0
3d43e00000-3d43e09000 r-xp 00000000 08:04 403936                         /usr/lib64/libXrender.so.1.3.0
3d43e09000-3d44008000 ---p 00009000 08:04 403936                         /usr/lib64/libXrender.so.1.3.0
3d44008000-3d44009000 r--p 00008000 08:04 403936                         /usr/lib64/libXrender.so.1.3.0
3d44009000-3d4400a000 rw-p 00009000 08:04 403936                         /usr/lib64/libXrender.so.1.3.0
3d44200000-3d4420f000 r-xp 00000000 08:04 403941                         /usr/lib64/libXi.so.6.1.0
3d4420f000-3d4440e000 ---p 0000f000 08:04 403941                         /usr/lib64/libXi.so.6.1.0
3d4440e000-3d4440f000 r--p 0000e000 08:04 403941                         /usr/lib64/libXi.so.6.1.0
3d4440f000-3d44410000 rw-p 0000f000 08:04 403941                         /usr/lib64/libXi.so.6.1.0
3d44a00000-3d44a0a000 r-xp 00000000 08:04 403944                         /usr/lib64/libXcursor.so.1.0.2
3d44a0a000-3d44c09000 ---p 0000a000 08:04 403944                         /usr/lib64/libXcursor.so.1.0.2
3d44c09000-3d44c0a000 r--p 00009000 08:04 403944                         /usr/lib64/libXcursor.so.1.0.2
3d44c0a000-3d44c0b000 rw-p 0000a000 08:04 403944                         /usr/lib64/libXcursor.so.1.0.2
3d44e00000-3d44e09000 r-xp 00000000 08:04 403942                         /usr/lib64/libXrandr.so.2.2.0
3d44e09000-3d45008000 ---p 00009000 08:04 403942                         /usr/lib64/libXrandr.so.2.2.0
3d45008000-3d45009000 r--p 00008000 08:04 403942                         /usr/lib64/libXrandr.so.2.2.0
3d45009000-3d4500a000 rw-p 00009000 08:04 403942                         /usr/lib64/libXrandr.so.2.2.0
3d45200000-3d45202000 r-xp 00000000 08:04 403945                         /usr/lib64/libXinerama.so.1.0.0
3d45202000-3d45401000 ---p 00002000 08:04 403945                         /usr/lib64/libXinerama.so.1.0.0
3d45401000-3d45402000 r--p 00001000 08:04 403945                         /usr/lib64/libXinerama.so.1.0.0
3d45402000-3d45403000 rw-p 00002000 08:04 403945                         /usr/lib64/libXinerama.so.1.0.0
3d46800000-3d46805000 r-xp 00000000 08:04 403943                         /usr/lib64/libXfixes.so.3.1.0
3d46805000-3d46a04000 ---p 00005000 08:04 403943                         /usr/lib64/libXfixes.so.3.1.0
3d46a04000-3d46a05000 r--p 00004000 08:04 403943                         /usr/lib64/libXfixes.so.3.1.0
3d46a05000-3d46a06000 rw-p 00005000 08:04 403943                         /usr/lib64/libXfixes.so.3.1.0
3d47400000-3d47405000 r-xp 00000000 08:04 403951                         /usr/lib64/libXtst.so.6.1.0
3d47405000-3d47604000 ---p 00005000 08:04 403951                         /usr/lib64/libXtst.so.6.1.0
3d47604000-3d47605000 r--p 00004000 08:04 403951                         /usr/lib64/libXtst.so.6.1.0
3d47605000-3d47606000 rw-p 00005000 08:04 403951                         /usr/lib64/libXtst.so.6.1.0
3d4dc00000-3d4dc03000 r-xp 00000000 08:04 400977                         /usr/lib64/libgmodule-2.0.so.0.3800.2
3d4dc03000-3d4de02000 ---p 00003000 08:04 400977                         /usr/lib64/libgmodule-2.0.so.0.3800.2
3d4de02000-3d4de03000 r--p 00002000 08:04 400977                         /usr/lib64/libgmodule-2.0.so.0.3800.2
3d4de03000-3d4de04000 rw-p 00003000 08:04 400977                         /usr/lib64/libgmodule-2.0.so.0.3800.2
3d51800000-3d51817000 r-xp 00000000 08:04 404050                         /usr/lib64/libxcb-glx.so.0.0.0
3d51817000-3d51a17000 ---p 00017000 08:04 404050                         /usr/lib64/libxcb-glx.so.0.0.0
3d51a17000-3d51a19000 r--p 00017000 08:04 404050                         /usr/lib64/libxcb-glx.so.0.0.0
3d51a19000-3d51a1a000 rw-p 00019000 08:04 404050                         /usr/lib64/libxcb-glx.so.0.0.0
3d52000000-3d52002000 r-xp 00000000 08:04 404049                         /usr/lib64/libXdamage.so.1.1.0
3d52002000-3d52201000 ---p 00002000 08:04 404049                         /usr/lib64/libXdamage.so.1.1.0
3d52201000-3d52202000 r--p 00001000 08:04 404049                         /usr/lib64/libXdamage.so.1.1.0
3d52202000-3d52203000 rw-p 00002000 08:04 404049                         /usr/lib64/libXdamage.so.1.1.0
3d52400000-3d52404000 r-xp 00000000 08:04 404051                         /usr/lib64/libxcb-dri2.so.0.0.0
3d52404000-3d52603000 ---p 00004000 08:04 404051                         /usr/lib64/libxcb-dri2.so.0.0.0
3d52603000-3d52604000 r--p 00003000 08:04 404051                         /usr/lib64/libxcb-dri2.so.0.0.0
3d52604000-3d52605000 rw-p 00004000 08:04 404051                         /usr/lib64/libxcb-dri2.so.0.0.0
3d52c00000-3d52c05000 r-xp 00000000 08:04 404052                         /usr/lib64/libXxf86vm.so.1.0.0
3d52c05000-3d52e04000 ---p 00005000 08:04 404052                         /usr/lib64/libXxf86vm.so.1.0.0
3d52e04000-3d52e05000 r--p 00004000 08:04 404052                         /usr/lib64/libXxf86vm.so.1.0.0
3d52e05000-3d52e06000 rw-p 00005000 08:04 404052                         /usr/lib64/libXxf86vm.so.1.0.0
3d61000000-3d61006000 r-xp 00000000 08:04 404134                         /usr/lib64/libxcb-xfixes.so.0.0.0
3d61006000-3d61205000 ---p 00006000 08:04 404134                         /usr/lib64/libxcb-xfixes.so.0.0.0
3d61205000-3d61206000 r--p 00005000 08:04 404134                         /usr/lib64/libxcb-xfixes.so.0.0.0
3d61206000-3d61207000 rw-p 00006000 08:04 404134                         /usr/lib64/libxcb-xfixes.so.0.0.0
3d62400000-3d62402000 r-xp 00000000 08:04 404140                         /usr/lib64/libxcb-shm.so.0.0.0
3d62402000-3d62601000 ---p 00002000 08:04 404140                         /usr/lib64/libxcb-shm.so.0.0.0
3d62601000-3d62602000 r--p 00001000 08:04 404140                         /usr/lib64/libxcb-shm.so.0.0.0
3d62602000-3d62603000 rw-p 00002000 08:04 404140                         /usr/lib64/libxcb-shm.so.0.0.0
3d63000000-3d63003000 r-xp 00000000 08:04 402481                         /usr/lib64/libxcb-shape.so.0.0.0
3d63003000-3d63202000 ---p 00003000 08:04 402481                         /usr/lib64/libxcb-shape.so.0.0.0
3d63202000-3d63203000 r--p 00002000 08:04 402481                         /usr/lib64/libxcb-shape.so.0.0.0
3d63203000-3d63204000 rw-p 00003000 08:04 402481                         /usr/lib64/libxcb-shape.so.0.0.0
3d63400000-3d63409000 r-xp 00000000 08:04 404135                         /usr/lib64/libxcb-render.so.0.0.0
3d63409000-3d63608000 ---p 00009000 08:04 404135                         /usr/lib64/libxcb-render.so.0.0.0
3d63608000-3d63609000 r--p 00008000 08:04 404135                         /usr/lib64/libxcb-render.so.0.0.0
3d63609000-3d6360a000 rw-p 00009000 08:04 404135                         /usr/lib64/libxcb-render.so.0.0.0
3d63800000-3d63802000 r-xp 00000000 08:04 401594                         /usr/lib64/libXcomposite.so.1.0.0
3d63802000-3d63a01000 ---p 00002000 08:04 401594                         /usr/lib64/libXcomposite.so.1.0.0
3d63a01000-3d63a02000 r--p 00001000 08:04 401594                         /usr/lib64/libXcomposite.so.1.0.0
3d63a02000-3d63a03000 rw-p 00002000 08:04 401594                         /usr/lib64/libXcomposite.so.1.0.0
3fe5200000-3fe5232000 r-xp 00000000 08:04 393345                         /usr/lib64/libpng16.so.16.6.0
3fe5232000-3fe5431000 ---p 00032000 08:04 393345                         /usr/lib64/libpng16.so.16.6.0
3fe5431000-3fe5432000 r--p 00031000 08:04 393345                         /usr/lib64/libpng16.so.16.6.0
3fe5432000-3fe5433000 rw-p 00032000 08:04 393345                         /usr/lib64/libpng16.so.16.6.0
3fe5600000-3fe569e000 r-xp 00000000 08:04 394142                         /usr/lib64/libfreetype.so.6.10.2
3fe569e000-3fe589e000 ---p 0009e000 08:04 394142                         /usr/lib64/libfreetype.so.6.10.2
3fe589e000-3fe58a3000 r--p 0009e000 08:04 394142                         /usr/lib64/libfreetype.so.6.10.2
3fe58a3000-3fe58a4000 rw-p 000a3000 08:04 394142                         /usr/lib64/libfreetype.so.6.10.2
3fe5a00000-3fe5a3a000 r-xp 00000000 08:04 397320                         /usr/lib64/libfontconfig.so.1.8.0
3fe5a3a000-3fe5c39000 ---p 0003a000 08:04 397320                         /usr/lib64/libfontconfig.so.1.8.0
3fe5c39000-3fe5c3b000 r--p 00039000 08:04 397320                         /usr/lib64/libfontconfig.so.1.8.0
3fe5c3b000-3fe5c3c000 rw-p 0003b000 08:04 397320                         /usr/lib64/libfontconfig.so.1.8.0
3fe5e00000-3fe5e54000 r-xp 00000000 08:04 398472                         /usr/lib64/libharfbuzz.so.0.927.0
3fe5e54000-3fe6054000 ---p 00054000 08:04 398472                         /usr/lib64/libharfbuzz.so.0.927.0
3fe6054000-3fe6055000 r--p 00054000 08:04 398472                         /usr/lib64/libharfbuzz.so.0.927.0
3fe6055000-3fe6056000 rw-p 00055000 08:04 398472                         /usr/lib64/libharfbuzz.so.0.927.0
3fe6600000-3fe6614000 r-xp 00000000 08:04 398943                         /usr/lib64/libpangoft2-1.0.so.0.3600.1
3fe6614000-3fe6814000 ---p 00014000 08:04 398943                         /usr/lib64/libpangoft2-1.0.so.0.3600.1
3fe6814000-3fe6815000 r--p 00014000 08:04 398943                         /usr/lib64/libpangoft2-1.0.so.0.3600.1
3fe6815000-3fe6816000 rw-p 00015000 08:04 398943                         /usr/lib64/libpangoft2-1.0.so.0.3600.1
7fed5c000000-7fed5c021000 rw-p 00000000 00:00 0 
7fed5c021000-7fed60000000 ---p 00000000 00:00 0 
7fed64000000-7fed64021000 rw-p 00000000 00:00 0 
7fed64021000-7fed68000000 ---p 00000000 00:00 0 
7fed68000000-7fed68021000 rw-p 00000000 00:00 0 
7fed68021000-7fed6c000000 ---p 00000000 00:00 0 
7fed6c000000-7fed6c021000 rw-p 00000000 00:00 0 
7fed6c021000-7fed70000000 ---p 00000000 00:00 0 
7fed70000000-7fed70021000 rw-p 00000000 00:00 0 
7fed70021000-7fed74000000 ---p 00000000 00:00 0 
7fed74000000-7fed74021000 rw-p 00000000 00:00 0 
7fed74021000-7fed78000000 ---p 00000000 00:00 0 
7fed78000000-7fed78a7c000 rw-p 00000000 00:00 0 
7fed78a7c000-7fed7c000000 ---p 00000000 00:00 0 
7fed7c000000-7fed7c021000 rw-p 00000000 00:00 0 
7fed7c021000-7fed80000000 ---p 00000000 00:00 0 
7fed80000000-7fed806dc000 rw-p 00000000 00:00 0 
7fed806dc000-7fed84000000 ---p 00000000 00:00 0 
7fed84000000-7fed847cb000 rw-p 00000000 00:00 0 
7fed847cb000-7fed88000000 ---p 00000000 00:00 0 
7fed88000000-7fed88021000 rw-p 00000000 00:00 0 
7fed88021000-7fed8c000000 ---p 00000000 00:00 0 
7fed8c000000-7fed8ca40000 rw-p 00000000 00:00 0 
7fed8ca40000-7fed90000000 ---p 00000000 00:00 0 
7fed90000000-7fed90f69000 rw-p 00000000 00:00 0 
7fed90f69000-7fed94000000 ---p 00000000 00:00 0 
7fed94000000-7fed94021000 rw-p 00000000 00:00 0 
7fed94021000-7fed98000000 ---p 00000000 00:00 0 
7fed98000000-7fed98021000 rw-p 00000000 00:00 0 
7fed98021000-7fed9c000000 ---p 00000000 00:00 0 
7fed9c000000-7fed9c2d5000 rw-p 00000000 00:00 0 
7fed9c2d5000-7feda0000000 ---p 00000000 00:00 0 
7feda0000000-7feda0021000 rw-p 00000000 00:00 0 
7feda0021000-7feda4000000 ---p 00000000 00:00 0 
7feda4000000-7feda4021000 rw-p 00000000 00:00 0 
7feda4021000-7feda8000000 ---p 00000000 00:00 0 
7feda9ad7000-7fedb0000000 r--p 00000000 08:04 403468                     /usr/lib/locale/locale-archive
7fedb0000000-7fedb0021000 rw-p 00000000 00:00 0 
7fedb0021000-7fedb4000000 ---p 00000000 00:00 0 
7fedb4000000-7fedb4021000 rw-p 00000000 00:00 0 
7fedb4021000-7fedb8000000 ---p 00000000 00:00 0 
7fedb8000000-7fedb8023000 rw-p 00000000 00:00 0 
7fedb8023000-7fedbc000000 ---p 00000000 00:00 0 
7fedbc000000-7fedbc199000 rw-p 00000000 00:00 0 
7fedbc199000-7fedc0000000 ---p 00000000 00:00 0 
7fedc0000000-7fedc0024000 rw-p 00000000 00:00 0 
7fedc0024000-7fedc4000000 ---p 00000000 00:00 0 
7fedc8000000-7fedc8024000 rw-p 00000000 00:00 0 
7fedc8024000-7fedcc000000 ---p 00000000 00:00 0 
7fedcc1a6000-7fedcc227000 rw-p 00000000 00:00 0 
7fedcc227000-7fedcc3a7000 ---p 00000000 00:00 0 
7fedcc3a7000-7fedcc3ad000 r--p 00000000 08:04 1573982                    /usr/share/locale/cs/LC_MESSAGES/gdk-pixbuf.mo
7fedcc3ad000-7fedcc3ae000 r--p 00000000 00:00 0 
7fedcc3ae000-7fedcc3be000 r-xp 00000000 08:04 2363303                    /usr/java/jdk1.8.0/jre/lib/amd64/libdecora_sse.so
7fedcc3be000-7fedcc5bd000 ---p 00010000 08:04 2363303                    /usr/java/jdk1.8.0/jre/lib/amd64/libdecora_sse.so
7fedcc5bd000-7fedcc5be000 r--p 0000f000 08:04 2363303                    /usr/java/jdk1.8.0/jre/lib/amd64/libdecora_sse.so
7fedcc5be000-7fedcc5bf000 rw-p 00010000 08:04 2363303                    /usr/java/jdk1.8.0/jre/lib/amd64/libdecora_sse.so
7fedcc5bf000-7fedcc7bf000 rw-p 00000000 00:00 0 
7fedcc7bf000-7fedcc883000 r-xp 00000000 08:04 2363321                    /usr/java/jdk1.8.0/jre/lib/amd64/libjavafx_font_t2k.so
7fedcc883000-7fedcca82000 ---p 000c4000 08:04 2363321                    /usr/java/jdk1.8.0/jre/lib/amd64/libjavafx_font_t2k.so
7fedcca82000-7fedcca8a000 r--p 000c3000 08:04 2363321                    /usr/java/jdk1.8.0/jre/lib/amd64/libjavafx_font_t2k.so
7fedcca8a000-7fedcca8c000 rw-p 000cb000 08:04 2363321                    /usr/java/jdk1.8.0/jre/lib/amd64/libjavafx_font_t2k.so
7fedcca8c000-7fedccc8d000 rw-p 00000000 00:00 0 
7fedccc8d000-7fedccc8e000 ---p 00000000 00:00 0 
7fedccc8e000-7fedcd48e000 rw-p 00000000 00:00 0                          [stack:5972]
7fedcd48e000-7fedcd4a6000 r--p 00000000 08:04 1573051                    /usr/share/locale/cs/LC_MESSAGES/glib20.mo
7fedcd4a6000-7fedcd5f6000 r-xp 00000000 08:04 659497                     /usr/lib64/gtk-2.0/2.10.0/engines/liboxygen-gtk.so
7fedcd5f6000-7fedcd7f5000 ---p 00150000 08:04 659497                     /usr/lib64/gtk-2.0/2.10.0/engines/liboxygen-gtk.so
7fedcd7f5000-7fedcd7fb000 r--p 0014f000 08:04 659497                     /usr/lib64/gtk-2.0/2.10.0/engines/liboxygen-gtk.so
7fedcd7fb000-7fedcd7fe000 rw-p 00155000 08:04 659497                     /usr/lib64/gtk-2.0/2.10.0/engines/liboxygen-gtk.so
7fedcd7fe000-7fedcd7ff000 rw-p 00000000 00:00 0 
7fedcd7ff000-7fedcd802000 ---p 00000000 00:00 0 
7fedcd802000-7fedcdb00000 rw-p 00000000 00:00 0                          [stack:5973]
7fedcdb00000-7fedcdb15000 r--s 000fe000 08:04 2363432                    /usr/java/jdk1.8.0/jre/lib/resources.jar
7fedcdb15000-7fedcdb18000 ---p 00000000 00:00 0 
7fedcdb18000-7fedcdc16000 rw-p 00000000 00:00 0                          [stack:5968]
7fedcdc16000-7fedcdc19000 ---p 00000000 00:00 0 
7fedcdc19000-7fedcdd17000 rw-p 00000000 00:00 0                          [stack:5967]
7fedcdd17000-7fedcdd7c000 r-xp 00000000 08:04 2363306                    /usr/java/jdk1.8.0/jre/lib/amd64/libfontmanager.so
7fedcdd7c000-7fedcdf7b000 ---p 00065000 08:04 2363306                    /usr/java/jdk1.8.0/jre/lib/amd64/libfontmanager.so
7fedcdf7b000-7fedcdf7f000 rw-p 00064000 08:04 2363306                    /usr/java/jdk1.8.0/jre/lib/amd64/libfontmanager.so
7fedcdf7f000-7fedce190000 rw-p 00000000 00:00 0 
7fedce190000-7fedce1e1000 r-xp 00000000 08:04 2363301                    /usr/java/jdk1.8.0/jre/lib/amd64/libawt_xawt.so
7fedce1e1000-7fedce3e0000 ---p 00051000 08:04 2363301                    /usr/java/jdk1.8.0/jre/lib/amd64/libawt_xawt.so
7fedce3e0000-7fedce3e4000 rw-p 00050000 08:04 2363301                    /usr/java/jdk1.8.0/jre/lib/amd64/libawt_xawt.so
7fedce3e4000-7fedce3e5000 rw-p 00000000 00:00 0 
7fedce3e5000-7fedce488000 r-xp 00000000 08:04 2363299                    /usr/java/jdk1.8.0/jre/lib/amd64/libawt.so
7fedce488000-7fedce687000 ---p 000a3000 08:04 2363299                    /usr/java/jdk1.8.0/jre/lib/amd64/libawt.so
7fedce687000-7fedce693000 rw-p 000a2000 08:04 2363299                    /usr/java/jdk1.8.0/jre/lib/amd64/libawt.so
7fedce693000-7fedce6b7000 rw-p 00000000 00:00 0 
7fedce6b7000-7fedce6bd000 r--s 002f7000 08:04 2363418                    /usr/java/jdk1.8.0/jre/lib/charsets.jar
7fedce6bd000-7fedce6bf000 r--s 00000000 08:04 529816                     /var/cache/fontconfig/87f5e051180a7a75f16eb6fe7dbd3749-le64.cache-4
7fedce6bf000-7fedce6ca000 r--s 00000000 08:04 530625                     /var/cache/fontconfig/b79f3aaa7d385a141ab53ec885cc22a8-le64.cache-4
7fedce6ca000-7fedce6cc000 r--s 00000000 08:04 532204                     /var/cache/fontconfig/711dae798b6bff4224ea2776edcb5c93-le64.cache-4
7fedce6cc000-7fedce6ce000 r--s 00000000 08:04 529807                     /var/cache/fontconfig/3f821257dd33660ba7bbb45c32deb84c-le64.cache-4
7fedce6ce000-7fedce6cf000 r--s 00000000 08:04 529809                     /var/cache/fontconfig/4e602040080c966cb821813a3e584564-le64.cache-4
7fedce6cf000-7fedce6d2000 r--s 00000000 08:04 529814                     /var/cache/fontconfig/830f035fa84a65ce80e050178dbb630d-le64.cache-4
7fedce6d2000-7fedce6d3000 r--s 00000000 08:04 524841                     /var/cache/fontconfig/81a173283b451552b599cfaafd6236bd-le64.cache-4
7fedce6d3000-7fedce6d4000 r--s 00000000 08:04 529820                     /var/cache/fontconfig/ac68f755438cc3dc5a526084839fc7ca-le64.cache-4
7fedce6d4000-7fedce6d5000 r--s 00000000 08:04 529830                     /var/cache/fontconfig/f951a6bc01c50d58ac4af16a0108457e-le64.cache-4
7fedce6d5000-7fedce6d6000 r--s 00000000 08:04 529817                     /var/cache/fontconfig/8cab66d8f642305e525ba3e322d0979c-le64.cache-4
7fedce6d6000-7fedce6d7000 r--s 00000000 08:04 529799                     /var/cache/fontconfig/12513961c6e7090f8648812f9eaf65d6-le64.cache-4
7fedce6d7000-7fedce6d8000 r--s 00000000 08:04 529801                     /var/cache/fontconfig/17e60ccdf2eb53b214a9a5d6663eb217-le64.cache-4
7fedce6d8000-7fedce6d9000 r--s 00000000 08:04 532087                     /var/cache/fontconfig/6fcb01a03a016cc71057b587cdea6709-le64.cache-4
7fedce6d9000-7fedce6dd000 r--s 00000000 08:04 537607                     /var/cache/fontconfig/cfde08ab28ad1d91784abb10973575e3-le64.cache-4
7fedce6dd000-7fedce6de000 r--s 00000000 08:04 529824                     /var/cache/fontconfig/b887eea8f1b96e1d899b44ed6681fc27-le64.cache-4
7fedce6de000-7fedce6df000 r--s 00000000 08:04 529815                     /var/cache/fontconfig/860639f272b8b4b3094f9e399e41bccd-le64.cache-4
7fedce6df000-7fedce6e0000 r--s 00000000 08:04 529802                     /var/cache/fontconfig/211368abcb0ff835c229ff05c9ec01dc-le64.cache-4
7fedce6e0000-7fedce6e1000 r--s 00000000 08:04 529825                     /var/cache/fontconfig/c46020d7221988a13df853d2b46304fc-le64.cache-4
7fedce6e1000-7fedce6e2000 r--s 00000000 08:04 529828                     /var/cache/fontconfig/df893b4576ad6107f9397134092c4059-le64.cache-4
7fedce6e2000-7fedce6e3000 r--s 00000000 08:04 524914                     /var/cache/fontconfig/900402270e15d763a6e008bb2d4c7686-le64.cache-4
7fedce6e3000-7fedce6e4000 r--s 00000000 08:04 529437                     /var/cache/fontconfig/47f48679023f44a4d1e44699a69464f6-le64.cache-4
7fedce6e4000-7fedce6e5000 r--s 00000000 08:04 529803                     /var/cache/fontconfig/2881ed3fd21ca306ddad6f9b0dd3189f-le64.cache-4
7fedce6e5000-7fedce6e6000 r--s 00000000 08:04 529806                     /var/cache/fontconfig/3c3fb04d32a5211b073874b125d29701-le64.cache-4
7fedce6e6000-7fedce6e7000 r--s 00000000 08:04 529829                     /var/cache/fontconfig/e61abf8156cc476151baa07d67337cae-le64.cache-4
7fedce6e7000-7fedce6ec000 r--s 00000000 08:04 529822                     /var/cache/fontconfig/b67b32625a2bb51b023d3814a918f351-le64.cache-4
7fedce6ec000-7fedce6ef000 r--s 00000000 08:04 529812                     /var/cache/fontconfig/7ee6df7a8311986241317a58487e0145-le64.cache-4
7fedce6ef000-7fedce702000 r--s 00000000 08:04 529810                     /var/cache/fontconfig/614d1caaa4d7914789410f6367de37ca-le64.cache-4
7fedce702000-7fedce70d000 r--s 00000000 08:04 529800                     /var/cache/fontconfig/12b26b760a24f8b4feb03ad48a333a72-le64.cache-4
7fedce70d000-7fedce710000 r-xp 00000000 08:04 2363318                    /usr/java/jdk1.8.0/jre/lib/amd64/libjavafx_font.so
7fedce710000-7fedce90f000 ---p 00003000 08:04 2363318                    /usr/java/jdk1.8.0/jre/lib/amd64/libjavafx_font.so
7fedce90f000-7fedce910000 r--p 00002000 08:04 2363318                    /usr/java/jdk1.8.0/jre/lib/amd64/libjavafx_font.so
7fedce910000-7fedce911000 rw-p 00003000 08:04 2363318                    /usr/java/jdk1.8.0/jre/lib/amd64/libjavafx_font.so
7fedce911000-7fedceb11000 rw-p 00000000 00:00 0 
7fedceb11000-7fedced11000 rw-p 00000000 00:00 0 
7fedced11000-7fedced14000 ---p 00000000 00:00 0 
7fedced14000-7fedcee12000 rw-p 00000000 00:00 0                          [stack:5966]
7fedcee12000-7fedcee15000 ---p 00000000 00:00 0 
7fedcee15000-7fedcef13000 rw-p 00000000 00:00 0                          [stack:5965]
7fedcef13000-7fedcef16000 ---p 00000000 00:00 0 
7fedcef16000-7fedcf014000 rw-p 00000000 00:00 0                          [stack:5964]
7fedcf014000-7fedcf03c000 r--p 00000000 08:04 1581978                    /usr/share/locale/cs/LC_MESSAGES/gtk20-properties.mo
7fedcf03c000-7fedcf064000 r-xp 00000000 08:04 2363308                    /usr/java/jdk1.8.0/jre/lib/amd64/libglass.so
7fedcf064000-7fedcf263000 ---p 00028000 08:04 2363308                    /usr/java/jdk1.8.0/jre/lib/amd64/libglass.so
7fedcf263000-7fedcf265000 r--p 00027000 08:04 2363308                    /usr/java/jdk1.8.0/jre/lib/amd64/libglass.so
7fedcf265000-7fedcf266000 rw-p 00029000 08:04 2363308                    /usr/java/jdk1.8.0/jre/lib/amd64/libglass.so
7fedcf266000-7fedcf279000 r-xp 00000000 08:04 2363343                    /usr/java/jdk1.8.0/jre/lib/amd64/libprism_sw.so
7fedcf279000-7fedcf478000 ---p 00013000 08:04 2363343                    /usr/java/jdk1.8.0/jre/lib/amd64/libprism_sw.so
7fedcf478000-7fedcf479000 r--p 00012000 08:04 2363343                    /usr/java/jdk1.8.0/jre/lib/amd64/libprism_sw.so
7fedcf479000-7fedcf47a000 rw-p 00013000 08:04 2363343                    /usr/java/jdk1.8.0/jre/lib/amd64/libprism_sw.so
7fedcf47a000-7fedcf487000 r-xp 00000000 08:04 407408                     /usr/lib64/libdrm_radeon.so.1.0.1
7fedcf487000-7fedcf686000 ---p 0000d000 08:04 407408                     /usr/lib64/libdrm_radeon.so.1.0.1
7fedcf686000-7fedcf687000 r--p 0000c000 08:04 407408                     /usr/lib64/libdrm_radeon.so.1.0.1
7fedcf687000-7fedcf688000 rw-p 0000d000 08:04 407408                     /usr/lib64/libdrm_radeon.so.1.0.1
7fedcf688000-7fedcf68e000 r-xp 00000000 08:04 407406                     /usr/lib64/libdrm_nouveau.so.2.0.0
7fedcf68e000-7fedcf88d000 ---p 00006000 08:04 407406                     /usr/lib64/libdrm_nouveau.so.2.0.0
7fedcf88d000-7fedcf88e000 r--p 00005000 08:04 407406                     /usr/lib64/libdrm_nouveau.so.2.0.0
7fedcf88e000-7fedcf88f000 rw-p 00006000 08:04 407406                     /usr/lib64/libdrm_nouveau.so.2.0.0
7fedcf88f000-7fedcfd8f000 r-xp 00000000 08:04 525906                     /usr/lib64/dri/i965_dri.so
7fedcfd8f000-7fedcff8e000 ---p 00500000 08:04 525906                     /usr/lib64/dri/i965_dri.so
7fedcff8e000-7fedcffa8000 r--p 004ff000 08:04 525906                     /usr/lib64/dri/i965_dri.so
7fedcffa8000-7fedcffb4000 rw-p 00519000 08:04 525906                     /usr/lib64/dri/i965_dri.so
7fedcffb4000-7fedd0000000 rw-p 00000000 00:00 0 
7fedd0000000-7fedd0021000 rw-p 00000000 00:00 0 
7fedd0021000-7fedd4000000 ---p 00000000 00:00 0 
7fedd4000000-7fedd400e000 r--p 00000000 08:04 1573067                    /usr/share/locale/cs/LC_MESSAGES/gtk20.mo
7fedd400e000-7fedd4033000 r--p 00000000 08:04 1581054                    /usr/share/locale/cs/LC_MESSAGES/libc.mo
7fedd4033000-7fedd4052000 r-xp 00000000 08:04 407398                     /usr/lib64/libdrm_intel.so.1.0.0
7fedd4052000-7fedd4252000 ---p 0001f000 08:04 407398                     /usr/lib64/libdrm_intel.so.1.0.0
7fedd4252000-7fedd4253000 r--p 0001f000 08:04 407398                     /usr/lib64/libdrm_intel.so.1.0.0
7fedd4253000-7fedd4254000 rw-p 00020000 08:04 407398                     /usr/lib64/libdrm_intel.so.1.0.0
7fedd4254000-7fedd425b000 r-xp 00000000 08:04 394172                     /usr/lib64/libgbm.so.1.0.0
7fedd425b000-7fedd445a000 ---p 00007000 08:04 394172                     /usr/lib64/libgbm.so.1.0.0
7fedd445a000-7fedd445b000 r--p 00006000 08:04 394172                     /usr/lib64/libgbm.so.1.0.0
7fedd445b000-7fedd445c000 rw-p 00007000 08:04 394172                     /usr/lib64/libgbm.so.1.0.0
7fedd445c000-7fedd447f000 r-xp 00000000 08:04 393658                     /usr/lib64/libglapi.so.0.0.0
7fedd447f000-7fedd467e000 ---p 00023000 08:04 393658                     /usr/lib64/libglapi.so.0.0.0
7fedd467e000-7fedd4681000 r--p 00022000 08:04 393658                     /usr/lib64/libglapi.so.0.0.0
7fedd4681000-7fedd4682000 rw-p 00025000 08:04 393658                     /usr/lib64/libglapi.so.0.0.0
7fedd4682000-7fedd4683000 rw-p 00000000 00:00 0 
7fedd4683000-7fedd46a6000 r-xp 00000000 08:04 394767                     /usr/lib64/libEGL.so.1.0.0
7fedd46a6000-7fedd48a5000 ---p 00023000 08:04 394767                     /usr/lib64/libEGL.so.1.0.0
7fedd48a5000-7fedd48a6000 r--p 00022000 08:04 394767                     /usr/lib64/libEGL.so.1.0.0
7fedd48a6000-7fedd48a7000 rw-p 00023000 08:04 394767                     /usr/lib64/libEGL.so.1.0.0
7fedd48a7000-7fedd490d000 r-xp 00000000 08:04 399120                     /usr/lib64/libGL.so.1.2.0
7fedd490d000-7fedd4b0c000 ---p 00066000 08:04 399120                     /usr/lib64/libGL.so.1.2.0
7fedd4b0c000-7fedd4b0f000 r--p 00065000 08:04 399120                     /usr/lib64/libGL.so.1.2.0
7fedd4b0f000-7fedd4b10000 rw-p 00068000 08:04 399120                     /usr/lib64/libGL.so.1.2.0
7fedd4b10000-7fedd4b11000 rw-p 00000000 00:00 0 
7fedd4b11000-7fedd4b13000 r--s 00000000 08:04 529827                     /var/cache/fontconfig/d3379abda271c4acd2ad0c01f565d0b0-le64.cache-4
7fedd4b13000-7fedd4b15000 r--s 00000000 08:04 538912                     /var/cache/fontconfig/99a1ce9f8b6a0434aadb01d3779b0780-le64.cache-4
7fedd4b15000-7fedd4b17000 r--s 00000000 08:04 538971                     /var/cache/fontconfig/f9d379b867d7c69c85310a4f24e5228f-le64.cache-4
7fedd4b17000-7fedd4b1f000 rw-s 00000000 00:04 67562                      /drm mm object (deleted)
7fedd4b1f000-7fedd4b27000 rw-s 00000000 00:04 67558                      /drm mm object (deleted)
7fedd4b27000-7fedd4b2e000 r--s 00000000 08:04 530620                     /usr/lib64/gconv/gconv-modules.cache
7fedd4b2e000-7fedd4b3a000 r-xp 00000000 08:04 2363342                    /usr/java/jdk1.8.0/jre/lib/amd64/libprism_es2.so
7fedd4b3a000-7fedd4d39000 ---p 0000c000 08:04 2363342                    /usr/java/jdk1.8.0/jre/lib/amd64/libprism_es2.so
7fedd4d39000-7fedd4d3a000 r--p 0000b000 08:04 2363342                    /usr/java/jdk1.8.0/jre/lib/amd64/libprism_es2.so
7fedd4d3a000-7fedd4d3b000 rw-p 0000c000 08:04 2363342                    /usr/java/jdk1.8.0/jre/lib/amd64/libprism_es2.so
7fedd4d3b000-7fedd4d3e000 ---p 00000000 00:00 0 
7fedd4d3e000-7fedd4e3c000 rw-p 00000000 00:00 0                          [stack:5963]
7fedd4e3c000-7fedd4ee2000 r--s 010bb000 08:04 2625121                    /usr/java/jdk1.8.0/jre/lib/ext/jfxrt.jar
7fedd4ee2000-7fedd4ee3000 ---p 00000000 00:00 0 
7fedd4ee3000-7fedd4fe3000 rw-p 00000000 00:00 0                          [stack:5962]
7fedd4fe3000-7fedd4fe6000 ---p 00000000 00:00 0 
7fedd4fe6000-7fedd50e4000 rw-p 00000000 00:00 0                          [stack:5961]
7fedd50e4000-7fedd50e7000 ---p 00000000 00:00 0 
7fedd50e7000-7fedd51e5000 rw-p 00000000 00:00 0                          [stack:5960]
7fedd51e5000-7fedd51e8000 ---p 00000000 00:00 0 
7fedd51e8000-7fedd52e6000 rw-p 00000000 00:00 0                          [stack:5959]
7fedd52e6000-7fedd535e000 r--s 010c1000 08:04 2626448                    /usr/java/jdk1.8.0/lib/tools.jar
7fedd535e000-7fedd5483000 rw-s 00000000 00:22 67546                      /tmp/jfluidbuf850537711968545149.tmp
7fedd5483000-7fedd5486000 ---p 00000000 00:00 0 
7fedd5486000-7fedd54bc000 rw-p 00000000 00:00 0 
7fedd54bc000-7fedd54bf000 ---p 00000000 00:00 0 
7fedd54bf000-7fedd55bd000 rw-p 00000000 00:00 0                          [stack:5958]
7fedd55bd000-7fedd55cd000 r-xp 00000000 08:04 2363338                    /usr/java/jdk1.8.0/jre/lib/amd64/libnio.so
7fedd55cd000-7fedd57cd000 ---p 00010000 08:04 2363338                    /usr/java/jdk1.8.0/jre/lib/amd64/libnio.so
7fedd57cd000-7fedd57ce000 rw-p 00010000 08:04 2363338                    /usr/java/jdk1.8.0/jre/lib/amd64/libnio.so
7fedd57ce000-7fedd57d6000 r-xp 00000000 08:04 2363335                    /usr/java/jdk1.8.0/jre/lib/amd64/libmanagement.so
7fedd57d6000-7fedd59d6000 ---p 00008000 08:04 2363335                    /usr/java/jdk1.8.0/jre/lib/amd64/libmanagement.so
7fedd59d6000-7fedd59d7000 rw-p 00008000 08:04 2363335                    /usr/java/jdk1.8.0/jre/lib/amd64/libmanagement.so
7fedd59d7000-7fedd59da000 ---p 00000000 00:00 0 
7fedd59da000-7fedd5ad8000 rw-p 00000000 00:00 0                          [stack:5950]
7fedd5ad8000-7fedd5adb000 ---p 00000000 00:00 0 
7fedd5adb000-7fedd5bd9000 rw-p 00000000 00:00 0                          [stack:5949]
7fedd5bd9000-7fedd5bfb000 r--s 0038e000 08:04 2625116                    /usr/java/jdk1.8.0/jre/lib/ext/cldrdata.jar
7fedd5bfb000-7fedd5c06000 r--s 0021a000 08:04 2626444                    /usr/java/jdk1.8.0/jre/lib/ext/localedata.jar
7fedd5c06000-7fedd5c37000 rw-p 00000000 00:00 0 
7fedd5c37000-7fedd5c4d000 r-xp 00000000 08:04 2363337                    /usr/java/jdk1.8.0/jre/lib/amd64/libnet.so
7fedd5c4d000-7fedd5e4c000 ---p 00016000 08:04 2363337                    /usr/java/jdk1.8.0/jre/lib/amd64/libnet.so
7fedd5e4c000-7fedd5e4d000 rw-p 00015000 08:04 2363337                    /usr/java/jdk1.8.0/jre/lib/amd64/libnet.so
7fedd5e4d000-7fedd5e50000 ---p 00000000 00:00 0 
7fedd5e50000-7fedd5f4e000 rw-p 00000000 00:00 0                          [stack:5947]
7fedd5f4e000-7fedd5f51000 ---p 00000000 00:00 0 
7fedd5f51000-7fedd604f000 rw-p 00000000 00:00 0                          [stack:5946]
7fedd604f000-7fedd6052000 ---p 00000000 00:00 0 
7fedd6052000-7fedd6150000 rw-p 00000000 00:00 0                          [stack:5945]
7fedd6150000-7fedd6153000 ---p 00000000 00:00 0 
7fedd6153000-7fedd6251000 rw-p 00000000 00:00 0                          [stack:5944]
7fedd6251000-7fedd6252000 ---p 00000000 00:00 0 
7fedd6252000-7fedd7355000 rw-p 00000000 00:00 0                          [stack:5943]
7fedd7355000-7fedd7529000 r--s 03c3f000 08:04 2363436                    /usr/java/jdk1.8.0/jre/lib/rt.jar
7fedd7529000-7feddbfc3000 rw-p 00000000 00:00 0 
7feddbfc3000-7feddbfc4000 ---p 00000000 00:00 0 
7feddbfc4000-7feddc0c4000 rw-p 00000000 00:00 0                          [stack:5942]
7feddc0c4000-7feddc0c5000 ---p 00000000 00:00 0 
7feddc0c5000-7feddc1c5000 rw-p 00000000 00:00 0                          [stack:5941]
7feddc1c5000-7feddc1c6000 ---p 00000000 00:00 0 
7feddc1c6000-7feddc2c6000 rw-p 00000000 00:00 0                          [stack:5940]
7feddc2c6000-7feddc2c7000 ---p 00000000 00:00 0 
7feddc2c7000-7feddc659000 rw-p 00000000 00:00 0                          [stack:5939]
7feddc659000-7feddc8ea000 rw-p 00000000 00:00 0 
7feddc8ea000-7feddca22000 rw-p 00000000 00:00 0 
7feddca22000-7feddca33000 ---p 00000000 00:00 0 
7feddca33000-7feddca5f000 rw-p 00000000 00:00 0 
7feddca5f000-7feddcdf4000 ---p 00000000 00:00 0 
7feddcdf4000-7feddd8b4000 rwxp 00000000 00:00 0 
7feddd8b4000-7fedebdf4000 ---p 00000000 00:00 0 
7fedebdf4000-7fedebdff000 r-xp 00000000 08:04 400962                     /usr/lib64/libnss_files-2.18.so
7fedebdff000-7fedebffe000 ---p 0000b000 08:04 400962                     /usr/lib64/libnss_files-2.18.so
7fedebffe000-7fedebfff000 r--p 0000a000 08:04 400962                     /usr/lib64/libnss_files-2.18.so
7fedebfff000-7fedec000000 rw-p 0000b000 08:04 400962                     /usr/lib64/libnss_files-2.18.so
7fedec000000-7fedec47f000 rw-p 00000000 00:00 0 
7fedec47f000-7fedf0000000 ---p 00000000 00:00 0 
7fedf0000000-7fedf0001000 r--s 00000000 08:04 529821                     /var/cache/fontconfig/b4d0b56f766d89640448751fcd18ec1e-le64.cache-4
7fedf0001000-7fedf0002000 r--s 00000000 08:04 529804                     /var/cache/fontconfig/3640555adad8a8f6978400293cfce7ab-le64.cache-4
7fedf0002000-7fedf001e000 r-xp 00000000 08:04 2363351                    /usr/java/jdk1.8.0/jre/lib/amd64/libzip.so
7fedf001e000-7fedf021d000 ---p 0001c000 08:04 2363351                    /usr/java/jdk1.8.0/jre/lib/amd64/libzip.so
7fedf021d000-7fedf021e000 rw-p 0001b000 08:04 2363351                    /usr/java/jdk1.8.0/jre/lib/amd64/libzip.so
7fedf021e000-7fedf0228000 r-xp 00000000 08:04 930934                     /home/afforix/netbeans-8.0/profiler/lib/deployed/jdk16/linux-amd64/libprofilerinterface.so
7fedf0228000-7fedf0327000 ---p 0000a000 08:04 930934                     /home/afforix/netbeans-8.0/profiler/lib/deployed/jdk16/linux-amd64/libprofilerinterface.so
7fedf0327000-7fedf0328000 rw-p 00009000 08:04 930934                     /home/afforix/netbeans-8.0/profiler/lib/deployed/jdk16/linux-amd64/libprofilerinterface.so
7fedf0328000-7fedf0352000 r-xp 00000000 08:04 2363316                    /usr/java/jdk1.8.0/jre/lib/amd64/libjava.so
7fedf0352000-7fedf0552000 ---p 0002a000 08:04 2363316                    /usr/java/jdk1.8.0/jre/lib/amd64/libjava.so
7fedf0552000-7fedf0554000 rw-p 0002a000 08:04 2363316                    /usr/java/jdk1.8.0/jre/lib/amd64/libjava.so
7fedf0554000-7fedf0561000 r-xp 00000000 08:04 2363350                    /usr/java/jdk1.8.0/jre/lib/amd64/libverify.so
7fedf0561000-7fedf0761000 ---p 0000d000 08:04 2363350                    /usr/java/jdk1.8.0/jre/lib/amd64/libverify.so
7fedf0761000-7fedf0763000 rw-p 0000d000 08:04 2363350                    /usr/java/jdk1.8.0/jre/lib/amd64/libverify.so
7fedf0763000-7fedf0766000 ---p 00000000 00:00 0 
7fedf0766000-7fedf0864000 rw-p 00000000 00:00 0                          [stack:5936]
7fedf0864000-7fedf147d000 r-xp 00000000 08:04 2363355                    /usr/java/jdk1.8.0/jre/lib/amd64/server/libjvm.so
7fedf147d000-7fedf167d000 ---p 00c19000 08:04 2363355                    /usr/java/jdk1.8.0/jre/lib/amd64/server/libjvm.so
7fedf167d000-7fedf1746000 rw-p 00c19000 08:04 2363355                    /usr/java/jdk1.8.0/jre/lib/amd64/server/libjvm.so
7fedf1746000-7fedf178a000 rw-p 00000000 00:00 0 
7fedf178a000-7fedf17a1000 r-xp 00000000 08:04 2363295                    /usr/java/jdk1.8.0/jre/lib/amd64/jli/libjli.so
7fedf17a1000-7fedf19a0000 ---p 00017000 08:04 2363295                    /usr/java/jdk1.8.0/jre/lib/amd64/jli/libjli.so
7fedf19a0000-7fedf19a1000 rw-p 00016000 08:04 2363295                    /usr/java/jdk1.8.0/jre/lib/amd64/jli/libjli.so
7fedf19a1000-7fedf19a2000 rw-p 00000000 00:00 0 
7fedf19a2000-7fedf19a6000 r--s 00000000 08:04 538957                     /var/cache/fontconfig/beeeeb3dfe132a8a0633a017c99ce0c0-le64.cache-4
7fedf19a6000-7fedf19a7000 rw-s 00000000 00:04 67559                      /drm mm object (deleted)
7fedf19a7000-7fedf19ac000 r--s 00092000 08:04 2363433                    /usr/java/jdk1.8.0/jre/lib/jsse.jar
7fedf19ac000-7fedf19ae000 r--s 00016000 08:04 1090284                    /home/afforix/Dropbox/PB138/Project/file-tree-analyzer/lib/xmlunit-1.5.jar
7fedf19ae000-7fedf19af000 r--s 00004000 08:04 931019                     /home/afforix/netbeans-8.0/profiler/lib/jfluid-server-15.jar
7fedf19af000-7fedf19b0000 r--s 00004000 08:04 931019                     /home/afforix/netbeans-8.0/profiler/lib/jfluid-server-15.jar
7fedf19b0000-7fedf19b4000 r--s 0005f000 08:04 931022                     /home/afforix/netbeans-8.0/profiler/lib/jfluid-server.jar
7fedf19b4000-7fedf19bc000 rw-s 00000000 00:22 72148                      /tmp/hsperfdata_afforix/5934
7fedf19bc000-7fedf19be000 rw-p 00000000 00:00 0 
7fedf19be000-7fedf19bf000 ---p 00000000 00:00 0 
7fedf19bf000-7fedf19c0000 rw-p 00000000 00:00 0 
7fff00079000-7fff0009a000 rw-p 00000000 00:00 0                          [stack]
7fff001fe000-7fff00200000 r-xp 00000000 00:00 0                          [vdso]
ffffffffff600000-ffffffffff601000 r-xp 00000000 00:00 0                  [vsyscall]

VM Arguments:
jvm_args: -Dfile.encoding=UTF-8 -agentpath:/home/afforix/netbeans-8.0/profiler/lib/deployed/jdk16/linux-amd64/libprofilerinterface.so=/home/afforix/netbeans-8.0/profiler/lib,5140,10 -XX:+HeapDumpOnOutOfMemoryError -XX:HeapDumpPath=/home/afforix/Dropbox/PB138/Project/file-tree-analyzer/nbproject/private/profiler 
java_command: file.tree.analyzer.FileTreeAnalyzer
java_class_path (initial): /home/afforix/Dropbox/PB138/Project/file-tree-analyzer/lib/xmlunit-1.5.jar:/home/afforix/Dropbox/PB138/Project/file-tree-analyzer/build/classes
Launcher Type: SUN_STANDARD

Environment Variables:
JAVA_HOME=/usr/java/latest
PATH=/usr/lib64/qt-3.3/bin:/usr/local/bin:/usr/bin:/bin:/usr/games:/usr/local/sbin:/usr/sbin:/home/afforix/.local/bin:/home/afforix/bin
LD_LIBRARY_PATH=/usr/java/latest/jre/lib/amd64:/usr/java/latest/jre/lib/i386:
SHELL=/bin/bash
DISPLAY=:0

Signal Handlers:
SIGSEGV: [libjvm.so+0xa2fc40], sa_mask[0]=0x7ffbfeff, sa_flags=0x10000004
SIGBUS: [libjvm.so+0xa2fc40], sa_mask[0]=0x7ffbfeff, sa_flags=0x10000004
SIGFPE: [libjvm.so+0x89b440], sa_mask[0]=0x7ffbfeff, sa_flags=0x10000004
SIGPIPE: SIG_IGN, sa_mask[0]=0x00001000, sa_flags=0x10000000
SIGXFSZ: [libjvm.so+0x89b440], sa_mask[0]=0x7ffbfeff, sa_flags=0x10000004
SIGILL: [libjvm.so+0x89b440], sa_mask[0]=0x7ffbfeff, sa_flags=0x10000004
SIGUSR1: SIG_DFL, sa_mask[0]=0x00000000, sa_flags=0x00000000
SIGUSR2: [libjvm.so+0x89cbe0], sa_mask[0]=0x00000004, sa_flags=0x10000004
SIGHUP: [libjvm.so+0x89de90], sa_mask[0]=0x7ffbfeff, sa_flags=0x10000004
SIGINT: SIG_IGN, sa_mask[0]=0x00000000, sa_flags=0x00000000
SIGTERM: [libjvm.so+0x89de90], sa_mask[0]=0x7ffbfeff, sa_flags=0x10000004
SIGQUIT: [libjvm.so+0x89de90], sa_mask[0]=0x7ffbfeff, sa_flags=0x10000004


---------------  S Y S T E M  ---------------

OS:Fedora release 20 (Heisenbug)

uname:Linux 3.14.6-200.fc20.x86_64 #1 SMP Sun Jun 8 01:21:56 UTC 2014 x86_64
libc:glibc 2.18 NPTL 2.18 
rlimit: STACK 8192k, CORE 0k, NPROC 1024, NOFILE 4096, AS infinity
load average:3,92 2,98 2,13

/proc/meminfo:
MemTotal:        8077124 kB
MemFree:          480112 kB
MemAvailable:    2627168 kB
Buffers:          198524 kB
Cached:          2179880 kB
SwapCached:            0 kB
Active:          6205136 kB
Inactive:         959952 kB
Active(anon):    4790308 kB
Inactive(anon):   161440 kB
Active(file):    1414828 kB
Inactive(file):   798512 kB
Unevictable:           0 kB
Mlocked:               0 kB
SwapTotal:             0 kB
SwapFree:              0 kB
Dirty:               132 kB
Writeback:             0 kB
AnonPages:       4786488 kB
Mapped:           266864 kB
Shmem:            165060 kB
Slab:             250532 kB
SReclaimable:     187132 kB
SUnreclaim:        63400 kB
KernelStack:        5688 kB
PageTables:        77140 kB
NFS_Unstable:          0 kB
Bounce:                0 kB
WritebackTmp:          0 kB
CommitLimit:     4038560 kB
Committed_AS:    9227360 kB
VmallocTotal:   34359738367 kB
VmallocUsed:      375996 kB
VmallocChunk:   34359345652 kB
HardwareCorrupted:     0 kB
AnonHugePages:         0 kB
HugePages_Total:       0
HugePages_Free:        0
HugePages_Rsvd:        0
HugePages_Surp:        0
Hugepagesize:       2048 kB
DirectMap4k:      113404 kB
DirectMap2M:     8175616 kB


CPU:total 4 (2 cores per cpu, 2 threads per core) family 6 model 58 stepping 9, cmov, cx8, fxsr, mmx, sse, sse2, sse3, ssse3, sse4.1, sse4.2, popcnt, avx, aes, clmul, erms, ht, tsc, tscinvbit

/proc/cpuinfo:
processor	: 0
vendor_id	: GenuineIntel
cpu family	: 6
model		: 58
model name	: Intel(R) Core(TM) i5-3210M CPU @ 2.50GHz
stepping	: 9
microcode	: 0x19
cpu MHz		: 2915.625
cache size	: 3072 KB
physical id	: 0
siblings	: 4
core id		: 0
cpu cores	: 2
apicid		: 0
initial apicid	: 0
fpu		: yes
fpu_exception	: yes
cpuid level	: 13
wp		: yes
flags		: fpu vme de pse tsc msr pae mce cx8 apic sep mtrr pge mca cmov pat pse36 clflush dts acpi mmx fxsr sse sse2 ss ht tm pbe syscall nx rdtscp lm constant_tsc arch_perfmon pebs bts rep_good nopl xtopology nonstop_tsc aperfmperf eagerfpu pni pclmulqdq dtes64 monitor ds_cpl vmx est tm2 ssse3 cx16 xtpr pdcm pcid sse4_1 sse4_2 x2apic popcnt tsc_deadline_timer aes xsave avx f16c rdrand lahf_lm ida arat epb xsaveopt pln pts dtherm tpr_shadow vnmi flexpriority ept vpid fsgsbase smep erms
bogomips	: 4988.62
clflush size	: 64
cache_alignment	: 64
address sizes	: 36 bits physical, 48 bits virtual
power management:

processor	: 1
vendor_id	: GenuineIntel
cpu family	: 6
model		: 58
model name	: Intel(R) Core(TM) i5-3210M CPU @ 2.50GHz
stepping	: 9
microcode	: 0x19
cpu MHz		: 2915.625
cache size	: 3072 KB
physical id	: 0
siblings	: 4
core id		: 0
cpu cores	: 2
apicid		: 1
initial apicid	: 1
fpu		: yes
fpu_exception	: yes
cpuid level	: 13
wp		: yes
flags		: fpu vme de pse tsc msr pae mce cx8 apic sep mtrr pge mca cmov pat pse36 clflush dts acpi mmx fxsr sse sse2 ss ht tm pbe syscall nx rdtscp lm constant_tsc arch_perfmon pebs bts rep_good nopl xtopology nonstop_tsc aperfmperf eagerfpu pni pclmulqdq dtes64 monitor ds_cpl vmx est tm2 ssse3 cx16 xtpr pdcm pcid sse4_1 sse4_2 x2apic popcnt tsc_deadline_timer aes xsave avx f16c rdrand lahf_lm ida arat epb xsaveopt pln pts dtherm tpr_shadow vnmi flexpriority ept vpid fsgsbase smep erms
bogomips	: 4988.62
clflush size	: 64
cache_alignment	: 64
address sizes	: 36 bits physical, 48 bits virtual
power management:

processor	: 2
vendor_id	: GenuineIntel
cpu family	: 6
model		: 58
model name	: Intel(R) Core(TM) i5-3210M CPU @ 2.50GHz
stepping	: 9
microcode	: 0x19
cpu MHz		: 2915.625
cache size	: 3072 KB
physical id	: 0
siblings	: 4
core id		: 1
cpu cores	: 2
apicid		: 2
initial apicid	: 2
fpu		: yes
fpu_exception	: yes
cpuid level	: 13
wp		: yes
flags		: fpu vme de pse tsc msr pae mce cx8 apic sep mtrr pge mca cmov pat pse36 clflush dts acpi mmx fxsr sse sse2 ss ht tm pbe syscall nx rdtscp lm constant_tsc arch_perfmon pebs bts rep_good nopl xtopology nonstop_tsc aperfmperf eagerfpu pni pclmulqdq dtes64 monitor ds_cpl vmx est tm2 ssse3 cx16 xtpr pdcm pcid sse4_1 sse4_2 x2apic popcnt tsc_deadline_timer aes xsave avx f16c rdrand lahf_lm ida arat epb xsaveopt pln pts dtherm tpr_shadow vnmi flexpriority ept vpid fsgsbase smep erms
bogomips	: 4988.62
clflush size	: 64
cache_alignment	: 64
address sizes	: 36 bits physical, 48 bits virtual
power management:

processor	: 3
vendor_id	: GenuineIntel
cpu family	: 6
model		: 58
model name	: Intel(R) Core(TM) i5-3210M CPU @ 2.50GHz
stepping	: 9
microcode	: 0x19
cpu MHz		: 2915.625
cache size	: 3072 KB
physical id	: 0
siblings	: 4
core id		: 1
cpu cores	: 2
apicid		: 3
initial apicid	: 3
fpu		: yes
fpu_exception	: yes
cpuid level	: 13
wp		: yes
flags		: fpu vme de pse tsc msr pae mce cx8 apic sep mtrr pge mca cmov pat pse36 clflush dts acpi mmx fxsr sse sse2 ss ht tm pbe syscall nx rdtscp lm constant_tsc arch_perfmon pebs bts rep_good nopl xtopology nonstop_tsc aperfmperf eagerfpu pni pclmulqdq dtes64 monitor ds_cpl vmx est tm2 ssse3 cx16 xtpr pdcm pcid sse4_1 sse4_2 x2apic popcnt tsc_deadline_timer aes xsave avx f16c rdrand lahf_lm ida arat epb xsaveopt pln pts dtherm tpr_shadow vnmi flexpriority ept vpid fsgsbase smep erms
bogomips	: 4988.62
clflush size	: 64
cache_alignment	: 64
address sizes	: 36 bits physical, 48 bits virtual
power management:



Memory: 4k page, physical 8077124k(480112k free), swap 0k(0k free)

vm_info: Java HotSpot(TM) 64-Bit Server VM (25.0-b70) for linux-amd64 JRE (1.8.0-b132), built on Mar  4 2014 03:07:25 by "java_re" with gcc 4.3.0 20080428 (Red Hat 4.3.0-8)

time: Fri Jun 13 13:13:55 2014
elapsed time: 304 seconds

